  [1m[35m (424.5ms)[0m  [1m[35mCREATE DATABASE "polls_app_development" ENCODING = 'unicode'[0m
  [1m[35m (288.2ms)[0m  [1m[35mCREATE DATABASE "polls_app_test" ENCODING = 'unicode'[0m
  [1m[35m (16.9ms)[0m  [1m[35mCREATE TABLE "schema_migrations" ("version" character varying NOT NULL PRIMARY KEY)[0m
  [1m[35m (5.2ms)[0m  [1m[35mCREATE TABLE "ar_internal_metadata" ("key" character varying NOT NULL PRIMARY KEY, "value" character varying, "created_at" timestamp(6) NOT NULL, "updated_at" timestamp(6) NOT NULL)[0m
  [1m[35m (1.4ms)[0m  [1m[34mSELECT pg_try_advisory_lock(4042686100896465855)[0m
  [1m[35m (0.6ms)[0m  [1m[34mSELECT "schema_migrations"."version" FROM "schema_migrations" ORDER BY "schema_migrations"."version" ASC[0m
Migrating to CreateUsers (20211215033035)
  [1m[36mTRANSACTION (0.5ms)[0m  [1m[35mBEGIN[0m
  [1m[35m (20.6ms)[0m  [1m[35mCREATE TABLE "users" ("id" bigserial primary key, "username" character varying NOT NULL, "created_at" timestamp(6) NOT NULL, "updated_at" timestamp(6) NOT NULL)[0m
  [1m[35m (1.7ms)[0m  [1m[35mCREATE UNIQUE INDEX "index_users_on_username" ON "users" ("username")[0m
  [1m[36mActiveRecord::SchemaMigration Create (9.8ms)[0m  [1m[32mINSERT INTO "schema_migrations" ("version") VALUES ($1) RETURNING "version"[0m  [["version", "20211215033035"]]
  [1m[36mTRANSACTION (0.5ms)[0m  [1m[35mCOMMIT[0m
Migrating to CreatePolls (20211215033130)
  [1m[36mTRANSACTION (13.3ms)[0m  [1m[35mBEGIN[0m
  [1m[35m (18.9ms)[0m  [1m[35mCREATE TABLE "polls" ("id" bigserial primary key, "title" character varying NOT NULL, "author_id" integer NOT NULL, "created_at" timestamp(6) NOT NULL, "updated_at" timestamp(6) NOT NULL)[0m
  [1m[35m (1.6ms)[0m  [1m[35mCREATE INDEX "index_polls_on_author_id" ON "polls" ("author_id")[0m
  [1m[36mActiveRecord::SchemaMigration Create (0.4ms)[0m  [1m[32mINSERT INTO "schema_migrations" ("version") VALUES ($1) RETURNING "version"[0m  [["version", "20211215033130"]]
  [1m[36mTRANSACTION (5.0ms)[0m  [1m[35mCOMMIT[0m
Migrating to CreateQuestions (20211215033142)
  [1m[36mTRANSACTION (0.4ms)[0m  [1m[35mBEGIN[0m
  [1m[35m (13.9ms)[0m  [1m[35mCREATE TABLE "questions" ("id" bigserial primary key, "text" character varying NOT NULL, "poll_id" integer NOT NULL, "created_at" timestamp(6) NOT NULL, "updated_at" timestamp(6) NOT NULL)[0m
  [1m[35m (5.3ms)[0m  [1m[35mCREATE INDEX "index_questions_on_poll_id" ON "questions" ("poll_id")[0m
  [1m[36mActiveRecord::SchemaMigration Create (22.8ms)[0m  [1m[32mINSERT INTO "schema_migrations" ("version") VALUES ($1) RETURNING "version"[0m  [["version", "20211215033142"]]
  [1m[36mTRANSACTION (6.7ms)[0m  [1m[35mCOMMIT[0m
Migrating to CreateAnswerChoices (20211215033210)
  [1m[36mTRANSACTION (4.6ms)[0m  [1m[35mBEGIN[0m
  [1m[35m (30.7ms)[0m  [1m[35mCREATE TABLE "answer_choices" ("id" bigserial primary key, "text" character varying NOT NULL, "question_id" integer NOT NULL, "created_at" timestamp(6) NOT NULL, "updated_at" timestamp(6) NOT NULL)[0m
  [1m[35m (3.7ms)[0m  [1m[35mCREATE INDEX "index_answer_choices_on_question_id" ON "answer_choices" ("question_id")[0m
  [1m[36mActiveRecord::SchemaMigration Create (16.9ms)[0m  [1m[32mINSERT INTO "schema_migrations" ("version") VALUES ($1) RETURNING "version"[0m  [["version", "20211215033210"]]
  [1m[36mTRANSACTION (1.4ms)[0m  [1m[35mCOMMIT[0m
Migrating to CreateResponses (20211215033229)
  [1m[36mTRANSACTION (4.1ms)[0m  [1m[35mBEGIN[0m
  [1m[35m (3.6ms)[0m  [1m[35mCREATE TABLE "responses" ("id" bigserial primary key, "answer_choice_id" integer NOT NULL, "respondent_id" integer NOT NULL, "created_at" timestamp(6) NOT NULL, "updated_at" timestamp(6) NOT NULL)[0m
  [1m[35m (1.4ms)[0m  [1m[35mCREATE INDEX "index_responses_on_answer_choice_id" ON "responses" ("answer_choice_id")[0m
  [1m[35m (4.0ms)[0m  [1m[35mCREATE INDEX "index_responses_on_respondent_id" ON "responses" ("respondent_id")[0m
  [1m[36mActiveRecord::SchemaMigration Create (0.5ms)[0m  [1m[32mINSERT INTO "schema_migrations" ("version") VALUES ($1) RETURNING "version"[0m  [["version", "20211215033229"]]
  [1m[36mTRANSACTION (0.5ms)[0m  [1m[35mCOMMIT[0m
  [1m[36mActiveRecord::InternalMetadata Load (3.9ms)[0m  [1m[34mSELECT "ar_internal_metadata".* FROM "ar_internal_metadata" WHERE "ar_internal_metadata"."key" = $1 LIMIT $2[0m  [["key", "environment"], ["LIMIT", 1]]
  [1m[36mTRANSACTION (8.6ms)[0m  [1m[35mBEGIN[0m
  [1m[36mActiveRecord::InternalMetadata Create (2.5ms)[0m  [1m[32mINSERT INTO "ar_internal_metadata" ("key", "value", "created_at", "updated_at") VALUES ($1, $2, $3, $4) RETURNING "key"[0m  [["key", "environment"], ["value", "development"], ["created_at", "2021-12-15 16:25:21.365737"], ["updated_at", "2021-12-15 16:25:21.365737"]]
  [1m[36mTRANSACTION (1.7ms)[0m  [1m[35mCOMMIT[0m
  [1m[35m (0.8ms)[0m  [1m[34mSELECT pg_advisory_unlock(4042686100896465855)[0m
  [1m[35m (1.6ms)[0m  [1m[34mSELECT "schema_migrations"."version" FROM "schema_migrations" ORDER BY "schema_migrations"."version" ASC[0m
  [1m[35m (1.1ms)[0m  [1m[34mSELECT "schema_migrations"."version" FROM "schema_migrations" ORDER BY "schema_migrations"."version" ASC[0m
  [1m[35m (4.3ms)[0m  [1m[34mSELECT "schema_migrations"."version" FROM "schema_migrations" ORDER BY "schema_migrations"."version" ASC[0m
  [1m[35m (3.5ms)[0m  [1m[34mSELECT "schema_migrations"."version" FROM "schema_migrations" ORDER BY "schema_migrations"."version" ASC[0m
  [1m[35m (126.3ms)[0m  [1m[34mSELECT "schema_migrations"."version" FROM "schema_migrations" ORDER BY "schema_migrations"."version" ASC[0m
  [1m[35m (6.8ms)[0m  [1m[34mSELECT "schema_migrations"."version" FROM "schema_migrations" ORDER BY "schema_migrations"."version" ASC[0m
  [1m[36mTRANSACTION (0.5ms)[0m  [1m[35mBEGIN[0m
  [1m[36mUser Load (6.7ms)[0m  [1m[34mSELECT "users".* FROM "users"[0m
  [1m[36mPoll Load (5.7ms)[0m  [1m[34mSELECT "polls".* FROM "polls"[0m
  [1m[36mQuestion Load (12.2ms)[0m  [1m[34mSELECT "questions".* FROM "questions"[0m
  [1m[36mAnswerChoice Load (3.5ms)[0m  [1m[34mSELECT "answer_choices".* FROM "answer_choices"[0m
  [1m[36mResponse Load (9.6ms)[0m  [1m[34mSELECT "responses".* FROM "responses"[0m
  [1m[36mUser Create (6.7ms)[0m  [1m[32mINSERT INTO "users" ("username", "created_at", "updated_at") VALUES ($1, $2, $3) RETURNING "id"[0m  [["username", "daytrip1"], ["created_at", "2021-12-15 18:40:51.830425"], ["updated_at", "2021-12-15 18:40:51.830425"]]
  [1m[36mUser Create (1.4ms)[0m  [1m[32mINSERT INTO "users" ("username", "created_at", "updated_at") VALUES ($1, $2, $3) RETURNING "id"[0m  [["username", "kidCwebby"], ["created_at", "2021-12-15 18:40:51.864700"], ["updated_at", "2021-12-15 18:40:51.864700"]]
  [1m[36mTRANSACTION (5.5ms)[0m  [1m[31mROLLBACK[0m
  [1m[35m (3.7ms)[0m  [1m[34mSELECT "schema_migrations"."version" FROM "schema_migrations" ORDER BY "schema_migrations"."version" ASC[0m
  [1m[36mTRANSACTION (4.4ms)[0m  [1m[35mBEGIN[0m
  [1m[36mUser Load (3.0ms)[0m  [1m[34mSELECT "users".* FROM "users"[0m
  [1m[36mPoll Load (2.3ms)[0m  [1m[34mSELECT "polls".* FROM "polls"[0m
  [1m[36mQuestion Load (2.2ms)[0m  [1m[34mSELECT "questions".* FROM "questions"[0m
  [1m[36mAnswerChoice Load (2.1ms)[0m  [1m[34mSELECT "answer_choices".* FROM "answer_choices"[0m
  [1m[36mResponse Load (2.5ms)[0m  [1m[34mSELECT "responses".* FROM "responses"[0m
  [1m[36mUser Create (2.2ms)[0m  [1m[32mINSERT INTO "users" ("username", "created_at", "updated_at") VALUES ($1, $2, $3) RETURNING "id"[0m  [["username", "daytrip1"], ["created_at", "2021-12-15 18:42:11.425193"], ["updated_at", "2021-12-15 18:42:11.425193"]]
  [1m[36mUser Create (9.3ms)[0m  [1m[32mINSERT INTO "users" ("username", "created_at", "updated_at") VALUES ($1, $2, $3) RETURNING "id"[0m  [["username", "kidCwebby"], ["created_at", "2021-12-15 18:42:11.447441"], ["updated_at", "2021-12-15 18:42:11.447441"]]
  [1m[36mTRANSACTION (5.6ms)[0m  [1m[31mROLLBACK[0m
  [1m[35m (3.5ms)[0m  [1m[34mSELECT "schema_migrations"."version" FROM "schema_migrations" ORDER BY "schema_migrations"."version" ASC[0m
  [1m[36mTRANSACTION (0.5ms)[0m  [1m[35mBEGIN[0m
  [1m[36mUser Load (10.7ms)[0m  [1m[34mSELECT "users".* FROM "users"[0m
  [1m[36mPoll Load (2.3ms)[0m  [1m[34mSELECT "polls".* FROM "polls"[0m
  [1m[36mQuestion Load (2.1ms)[0m  [1m[34mSELECT "questions".* FROM "questions"[0m
  [1m[36mAnswerChoice Load (2.5ms)[0m  [1m[34mSELECT "answer_choices".* FROM "answer_choices"[0m
  [1m[36mResponse Load (2.6ms)[0m  [1m[34mSELECT "responses".* FROM "responses"[0m
  [1m[36mUser Create (3.3ms)[0m  [1m[32mINSERT INTO "users" ("username", "created_at", "updated_at") VALUES ($1, $2, $3) RETURNING "id"[0m  [["username", "daytrip1"], ["created_at", "2021-12-15 18:44:43.824335"], ["updated_at", "2021-12-15 18:44:43.824335"]]
  [1m[36mUser Create (4.8ms)[0m  [1m[32mINSERT INTO "users" ("username", "created_at", "updated_at") VALUES ($1, $2, $3) RETURNING "id"[0m  [["username", "kidCwebby"], ["created_at", "2021-12-15 18:44:43.847765"], ["updated_at", "2021-12-15 18:44:43.847765"]]
  [1m[36mTRANSACTION (0.9ms)[0m  [1m[31mROLLBACK[0m
  [1m[35m (0.9ms)[0m  [1m[34mSELECT "schema_migrations"."version" FROM "schema_migrations" ORDER BY "schema_migrations"."version" ASC[0m
  [1m[36mTRANSACTION (0.2ms)[0m  [1m[35mBEGIN[0m
  [1m[36mUser Load (0.8ms)[0m  [1m[34mSELECT "users".* FROM "users"[0m
  [1m[36mPoll Load (0.6ms)[0m  [1m[34mSELECT "polls".* FROM "polls"[0m
  [1m[36mTRANSACTION (0.2ms)[0m  [1m[31mROLLBACK[0m
  [1m[35m (1.0ms)[0m  [1m[34mSELECT "schema_migrations"."version" FROM "schema_migrations" ORDER BY "schema_migrations"."version" ASC[0m
  [1m[36mTRANSACTION (0.3ms)[0m  [1m[35mBEGIN[0m
  [1m[36mUser Load (1.5ms)[0m  [1m[34mSELECT "users".* FROM "users"[0m
  [1m[36mPoll Load (0.6ms)[0m  [1m[34mSELECT "polls".* FROM "polls"[0m
  [1m[36mTRANSACTION (0.2ms)[0m  [1m[31mROLLBACK[0m
  [1m[35m (1.7ms)[0m  [1m[34mSELECT "schema_migrations"."version" FROM "schema_migrations" ORDER BY "schema_migrations"."version" ASC[0m
  [1m[36mTRANSACTION (0.2ms)[0m  [1m[35mBEGIN[0m
  [1m[36mUser Load (0.8ms)[0m  [1m[34mSELECT "users".* FROM "users"[0m
  [1m[36mPoll Load (1.2ms)[0m  [1m[34mSELECT "polls".* FROM "polls"[0m
  [1m[36mQuestion Load (1.0ms)[0m  [1m[34mSELECT "questions".* FROM "questions"[0m
  [1m[36mAnswerChoice Load (1.0ms)[0m  [1m[34mSELECT "answer_choices".* FROM "answer_choices"[0m
  [1m[36mResponse Load (1.1ms)[0m  [1m[34mSELECT "responses".* FROM "responses"[0m
  [1m[36mUser Create (10.2ms)[0m  [1m[32mINSERT INTO "users" ("username", "created_at", "updated_at") VALUES ($1, $2, $3) RETURNING "id"[0m  [["username", "daytrip1"], ["created_at", "2021-12-15 18:53:32.378957"], ["updated_at", "2021-12-15 18:53:32.378957"]]
  [1m[36mUser Create (2.1ms)[0m  [1m[32mINSERT INTO "users" ("username", "created_at", "updated_at") VALUES ($1, $2, $3) RETURNING "id"[0m  [["username", "kidCwebby"], ["created_at", "2021-12-15 18:53:32.406396"], ["updated_at", "2021-12-15 18:53:32.406396"]]
  [1m[36mTRANSACTION (0.5ms)[0m  [1m[31mROLLBACK[0m
  [1m[36mQuestion Load (1.8ms)[0m  [1m[34mSELECT "questions".* FROM "questions"[0m
  [1m[35m (4.0ms)[0m  [1m[34mSELECT "schema_migrations"."version" FROM "schema_migrations" ORDER BY "schema_migrations"."version" ASC[0m
  [1m[36mTRANSACTION (0.5ms)[0m  [1m[35mBEGIN[0m
  [1m[36mUser Load (8.9ms)[0m  [1m[34mSELECT "users".* FROM "users"[0m
  [1m[36mPoll Load (3.2ms)[0m  [1m[34mSELECT "polls".* FROM "polls"[0m
  [1m[36mQuestion Load (2.3ms)[0m  [1m[34mSELECT "questions".* FROM "questions"[0m
  [1m[36mAnswerChoice Load (2.7ms)[0m  [1m[34mSELECT "answer_choices".* FROM "answer_choices"[0m
  [1m[36mResponse Load (3.7ms)[0m  [1m[34mSELECT "responses".* FROM "responses"[0m
  [1m[36mUser Create (2.3ms)[0m  [1m[32mINSERT INTO "users" ("username", "created_at", "updated_at") VALUES ($1, $2, $3) RETURNING "id"[0m  [["username", "daytrip1"], ["created_at", "2021-12-16 00:28:31.404615"], ["updated_at", "2021-12-16 00:28:31.404615"]]
  [1m[36mUser Create (1.2ms)[0m  [1m[32mINSERT INTO "users" ("username", "created_at", "updated_at") VALUES ($1, $2, $3) RETURNING "id"[0m  [["username", "kidCwebby"], ["created_at", "2021-12-16 00:28:31.422783"], ["updated_at", "2021-12-16 00:28:31.422783"]]
  [1m[36mTRANSACTION (0.7ms)[0m  [1m[31mROLLBACK[0m
  [1m[35m (3.6ms)[0m  [1m[34mSELECT "schema_migrations"."version" FROM "schema_migrations" ORDER BY "schema_migrations"."version" ASC[0m
  [1m[36mTRANSACTION (0.5ms)[0m  [1m[35mBEGIN[0m
  [1m[36mUser Load (3.1ms)[0m  [1m[34mSELECT "users".* FROM "users"[0m
  [1m[36mUser Create (2.2ms)[0m  [1m[32mINSERT INTO "users" ("username", "created_at", "updated_at") VALUES ($1, $2, $3) RETURNING "id"[0m  [["username", "daytrip1"], ["created_at", "2021-12-16 00:28:58.938725"], ["updated_at", "2021-12-16 00:28:58.938725"]]
  [1m[36mUser Create (1.1ms)[0m  [1m[32mINSERT INTO "users" ("username", "created_at", "updated_at") VALUES ($1, $2, $3) RETURNING "id"[0m  [["username", "kidCwebby"], ["created_at", "2021-12-16 00:28:58.953536"], ["updated_at", "2021-12-16 00:28:58.953536"]]
  [1m[36mTRANSACTION (4.9ms)[0m  [1m[35mCOMMIT[0m
  [1m[36mUser Load (4.7ms)[0m  [1m[34mSELECT "users".* FROM "users"[0m
  [1m[35m (3.6ms)[0m  [1m[34mSELECT "schema_migrations"."version" FROM "schema_migrations" ORDER BY "schema_migrations"."version" ASC[0m
  [1m[36mTRANSACTION (0.5ms)[0m  [1m[35mBEGIN[0m
  [1m[36mUser Load (3.0ms)[0m  [1m[34mSELECT "users".* FROM "users"[0m
  [1m[36mUser Destroy (9.7ms)[0m  [1m[31mDELETE FROM "users" WHERE "users"."id" = $1[0m  [["id", 11]]
  [1m[36mUser Destroy (1.1ms)[0m  [1m[31mDELETE FROM "users" WHERE "users"."id" = $1[0m  [["id", 12]]
  [1m[36mUser Create (2.0ms)[0m  [1m[32mINSERT INTO "users" ("username", "created_at", "updated_at") VALUES ($1, $2, $3) RETURNING "id"[0m  [["username", "daytrip1"], ["created_at", "2021-12-16 00:30:18.149877"], ["updated_at", "2021-12-16 00:30:18.149877"]]
  [1m[36mUser Create (1.8ms)[0m  [1m[32mINSERT INTO "users" ("username", "created_at", "updated_at") VALUES ($1, $2, $3) RETURNING "id"[0m  [["username", "kidCwebby"], ["created_at", "2021-12-16 00:30:18.164243"], ["updated_at", "2021-12-16 00:30:18.164243"]]
  [1m[36mTRANSACTION (0.8ms)[0m  [1m[31mROLLBACK[0m
  [1m[35m (3.9ms)[0m  [1m[34mSELECT "schema_migrations"."version" FROM "schema_migrations" ORDER BY "schema_migrations"."version" ASC[0m
  [1m[36mTRANSACTION (6.3ms)[0m  [1m[35mBEGIN[0m
  [1m[36mUser Load (7.4ms)[0m  [1m[34mSELECT "users".* FROM "users"[0m
  [1m[36mUser Destroy (1.6ms)[0m  [1m[31mDELETE FROM "users" WHERE "users"."id" = $1[0m  [["id", 11]]
  [1m[36mUser Destroy (1.0ms)[0m  [1m[31mDELETE FROM "users" WHERE "users"."id" = $1[0m  [["id", 12]]
  [1m[36mPoll Load (2.3ms)[0m  [1m[34mSELECT "polls".* FROM "polls"[0m
  [1m[36mUser Create (2.0ms)[0m  [1m[32mINSERT INTO "users" ("username", "created_at", "updated_at") VALUES ($1, $2, $3) RETURNING "id"[0m  [["username", "daytrip1"], ["created_at", "2021-12-16 00:30:47.414635"], ["updated_at", "2021-12-16 00:30:47.414635"]]
  [1m[36mUser Create (1.2ms)[0m  [1m[32mINSERT INTO "users" ("username", "created_at", "updated_at") VALUES ($1, $2, $3) RETURNING "id"[0m  [["username", "kidCwebby"], ["created_at", "2021-12-16 00:30:47.429440"], ["updated_at", "2021-12-16 00:30:47.429440"]]
  [1m[36mTRANSACTION (0.8ms)[0m  [1m[31mROLLBACK[0m
  [1m[35m (3.5ms)[0m  [1m[34mSELECT "schema_migrations"."version" FROM "schema_migrations" ORDER BY "schema_migrations"."version" ASC[0m
  [1m[36mTRANSACTION (0.5ms)[0m  [1m[35mBEGIN[0m
  [1m[36mUser Load (3.0ms)[0m  [1m[34mSELECT "users".* FROM "users"[0m
  [1m[36mUser Destroy (1.7ms)[0m  [1m[31mDELETE FROM "users" WHERE "users"."id" = $1[0m  [["id", 11]]
  [1m[36mUser Destroy (1.0ms)[0m  [1m[31mDELETE FROM "users" WHERE "users"."id" = $1[0m  [["id", 12]]
  [1m[36mPoll Load (7.8ms)[0m  [1m[34mSELECT "polls".* FROM "polls"[0m
  [1m[36mUser Create (2.2ms)[0m  [1m[32mINSERT INTO "users" ("username", "created_at", "updated_at") VALUES ($1, $2, $3) RETURNING "id"[0m  [["username", "daytrip1"], ["created_at", "2021-12-16 00:33:07.733149"], ["updated_at", "2021-12-16 00:33:07.733149"]]
  [1m[36mUser Create (7.0ms)[0m  [1m[32mINSERT INTO "users" ("username", "created_at", "updated_at") VALUES ($1, $2, $3) RETURNING "id"[0m  [["username", "kidCwebby"], ["created_at", "2021-12-16 00:33:07.751442"], ["updated_at", "2021-12-16 00:33:07.751442"]]
  [1m[36mTRANSACTION (0.8ms)[0m  [1m[31mROLLBACK[0m
  [1m[35m (3.7ms)[0m  [1m[34mSELECT "schema_migrations"."version" FROM "schema_migrations" ORDER BY "schema_migrations"."version" ASC[0m
  [1m[35m (3.6ms)[0m  [1m[34mSELECT "ar_internal_metadata"."value" FROM "ar_internal_metadata" WHERE "ar_internal_metadata"."key" = $1[0m  [["key", "environment"]]
  [1m[35m (2.1ms)[0m  [1m[34mSELECT "schema_migrations"."version" FROM "schema_migrations" ORDER BY "schema_migrations"."version" ASC[0m
  [1m[35m (0.8ms)[0m  [1m[34mSELECT "ar_internal_metadata"."value" FROM "ar_internal_metadata" WHERE "ar_internal_metadata"."key" = $1[0m  [["key", "environment"]]
  [1m[35m (1.0ms)[0m  [1m[34mSELECT "schema_migrations"."version" FROM "schema_migrations" ORDER BY "schema_migrations"."version" ASC[0m
  [1m[35m (9.9ms)[0m  [1m[34mSELECT "ar_internal_metadata"."value" FROM "ar_internal_metadata" WHERE "ar_internal_metadata"."key" = $1[0m  [["key", "environment"]]
  [1m[35m (8121.0ms)[0m  [1m[35mDROP DATABASE IF EXISTS "polls_app_development"[0m
  [1m[35m (2.3ms)[0m  [1m[34mSELECT "schema_migrations"."version" FROM "schema_migrations" ORDER BY "schema_migrations"."version" ASC[0m
  [1m[35m (4.5ms)[0m  [1m[34mSELECT "ar_internal_metadata"."value" FROM "ar_internal_metadata" WHERE "ar_internal_metadata"."key" = $1[0m  [["key", "environment"]]
  [1m[35m (0.3ms)[0m  [1m[34mSELECT "schema_migrations"."version" FROM "schema_migrations" ORDER BY "schema_migrations"."version" ASC[0m
  [1m[35m (0.2ms)[0m  [1m[34mSELECT "ar_internal_metadata"."value" FROM "ar_internal_metadata" WHERE "ar_internal_metadata"."key" = $1[0m  [["key", "environment"]]
  [1m[35m (0.2ms)[0m  [1m[34mSELECT "schema_migrations"."version" FROM "schema_migrations" ORDER BY "schema_migrations"."version" ASC[0m
  [1m[35m (0.2ms)[0m  [1m[34mSELECT "ar_internal_metadata"."value" FROM "ar_internal_metadata" WHERE "ar_internal_metadata"."key" = $1[0m  [["key", "environment"]]
  [1m[35m (49.0ms)[0m  [1m[35mDROP DATABASE IF EXISTS "polls_app_development"[0m
  [1m[35m (133.3ms)[0m  [1m[35mDROP DATABASE IF EXISTS "polls_app_test"[0m
  [1m[35m (318.2ms)[0m  [1m[35mCREATE DATABASE "polls_app_development" ENCODING = 'unicode'[0m
  [1m[35m (131.8ms)[0m  [1m[35mCREATE DATABASE "polls_app_test" ENCODING = 'unicode'[0m
  [1m[35mSQL (2.2ms)[0m  [1m[35mCREATE EXTENSION IF NOT EXISTS "plpgsql"[0m
  [1m[35m (6.8ms)[0m  [1m[35mDROP TABLE IF EXISTS "answer_choices" CASCADE[0m
  [1m[35m (24.6ms)[0m  [1m[35mCREATE TABLE "answer_choices" ("id" bigserial primary key, "text" character varying NOT NULL, "question_id" integer NOT NULL, "created_at" timestamp(6) NOT NULL, "updated_at" timestamp(6) NOT NULL)[0m
  [1m[35m (2.1ms)[0m  [1m[35mCREATE INDEX "index_answer_choices_on_question_id" ON "answer_choices" ("question_id")[0m
  [1m[35m (0.2ms)[0m  [1m[35mDROP TABLE IF EXISTS "polls" CASCADE[0m
  [1m[35m (5.7ms)[0m  [1m[35mCREATE TABLE "polls" ("id" bigserial primary key, "title" character varying NOT NULL, "author_id" integer NOT NULL, "created_at" timestamp(6) NOT NULL, "updated_at" timestamp(6) NOT NULL)[0m
  [1m[35m (1.6ms)[0m  [1m[35mCREATE INDEX "index_polls_on_author_id" ON "polls" ("author_id")[0m
  [1m[35m (0.2ms)[0m  [1m[35mDROP TABLE IF EXISTS "questions" CASCADE[0m
  [1m[35m (5.3ms)[0m  [1m[35mCREATE TABLE "questions" ("id" bigserial primary key, "text" character varying NOT NULL, "poll_id" integer NOT NULL, "created_at" timestamp(6) NOT NULL, "updated_at" timestamp(6) NOT NULL)[0m
  [1m[35m (1.6ms)[0m  [1m[35mCREATE INDEX "index_questions_on_poll_id" ON "questions" ("poll_id")[0m
  [1m[35m (0.2ms)[0m  [1m[35mDROP TABLE IF EXISTS "responses" CASCADE[0m
  [1m[35m (4.0ms)[0m  [1m[35mCREATE TABLE "responses" ("id" bigserial primary key, "answer_choice_id" integer NOT NULL, "respondent_id" integer NOT NULL, "created_at" timestamp(6) NOT NULL, "updated_at" timestamp(6) NOT NULL)[0m
  [1m[35m (1.6ms)[0m  [1m[35mCREATE INDEX "index_responses_on_answer_choice_id" ON "responses" ("answer_choice_id")[0m
  [1m[35m (1.5ms)[0m  [1m[35mCREATE INDEX "index_responses_on_respondent_id" ON "responses" ("respondent_id")[0m
  [1m[35m (0.2ms)[0m  [1m[35mDROP TABLE IF EXISTS "users" CASCADE[0m
  [1m[35m (6.4ms)[0m  [1m[35mCREATE TABLE "users" ("id" bigserial primary key, "username" character varying NOT NULL, "created_at" timestamp(6) NOT NULL, "updated_at" timestamp(6) NOT NULL)[0m
  [1m[35m (2.6ms)[0m  [1m[35mCREATE UNIQUE INDEX "index_users_on_username" ON "users" ("username")[0m
  [1m[35m (11.1ms)[0m  [1m[35mCREATE TABLE "schema_migrations" ("version" character varying NOT NULL PRIMARY KEY)[0m
  [1m[35m (2.9ms)[0m  [1m[34mSELECT "schema_migrations"."version" FROM "schema_migrations" ORDER BY "schema_migrations"."version" ASC[0m
  [1m[35m (1.7ms)[0m  [1m[32mINSERT INTO "schema_migrations" (version) VALUES (20211215033229)[0m
  [1m[35m (1.2ms)[0m  [1m[32mINSERT INTO "schema_migrations" (version) VALUES
(20211215033035),
(20211215033130),
(20211215033142),
(20211215033210);

[0m
  [1m[35m (4.7ms)[0m  [1m[35mCREATE TABLE "ar_internal_metadata" ("key" character varying NOT NULL PRIMARY KEY, "value" character varying, "created_at" timestamp(6) NOT NULL, "updated_at" timestamp(6) NOT NULL)[0m
  [1m[36mActiveRecord::InternalMetadata Load (0.9ms)[0m  [1m[34mSELECT "ar_internal_metadata".* FROM "ar_internal_metadata" WHERE "ar_internal_metadata"."key" = $1 LIMIT $2[0m  [["key", "environment"], ["LIMIT", 1]]
  [1m[36mTRANSACTION (0.2ms)[0m  [1m[35mBEGIN[0m
  [1m[36mActiveRecord::InternalMetadata Create (0.8ms)[0m  [1m[32mINSERT INTO "ar_internal_metadata" ("key", "value", "created_at", "updated_at") VALUES ($1, $2, $3, $4) RETURNING "key"[0m  [["key", "environment"], ["value", "development"], ["created_at", "2021-12-16 01:48:16.838967"], ["updated_at", "2021-12-16 01:48:16.838967"]]
  [1m[36mTRANSACTION (1.7ms)[0m  [1m[35mCOMMIT[0m
  [1m[36mActiveRecord::InternalMetadata Load (0.4ms)[0m  [1m[34mSELECT "ar_internal_metadata".* FROM "ar_internal_metadata" WHERE "ar_internal_metadata"."key" = $1 LIMIT $2[0m  [["key", "environment"], ["LIMIT", 1]]
  [1m[36mActiveRecord::InternalMetadata Load (0.4ms)[0m  [1m[34mSELECT "ar_internal_metadata".* FROM "ar_internal_metadata" WHERE "ar_internal_metadata"."key" = $1 LIMIT $2[0m  [["key", "schema_sha1"], ["LIMIT", 1]]
  [1m[36mTRANSACTION (0.2ms)[0m  [1m[35mBEGIN[0m
  [1m[36mActiveRecord::InternalMetadata Create (0.4ms)[0m  [1m[32mINSERT INTO "ar_internal_metadata" ("key", "value", "created_at", "updated_at") VALUES ($1, $2, $3, $4) RETURNING "key"[0m  [["key", "schema_sha1"], ["value", "0a80676a2bea9dbc562a650b8a8617960841305a"], ["created_at", "2021-12-16 01:48:16.856798"], ["updated_at", "2021-12-16 01:48:16.856798"]]
  [1m[36mTRANSACTION (0.4ms)[0m  [1m[35mCOMMIT[0m
  [1m[35mSQL (0.5ms)[0m  [1m[35mCREATE EXTENSION IF NOT EXISTS "plpgsql"[0m
  [1m[35m (0.3ms)[0m  [1m[35mDROP TABLE IF EXISTS "answer_choices" CASCADE[0m
  [1m[35m (10.2ms)[0m  [1m[35mCREATE TABLE "answer_choices" ("id" bigserial primary key, "text" character varying NOT NULL, "question_id" integer NOT NULL, "created_at" timestamp(6) NOT NULL, "updated_at" timestamp(6) NOT NULL)[0m
  [1m[35m (1.6ms)[0m  [1m[35mCREATE INDEX "index_answer_choices_on_question_id" ON "answer_choices" ("question_id")[0m
  [1m[35m (0.2ms)[0m  [1m[35mDROP TABLE IF EXISTS "polls" CASCADE[0m
  [1m[35m (5.8ms)[0m  [1m[35mCREATE TABLE "polls" ("id" bigserial primary key, "title" character varying NOT NULL, "author_id" integer NOT NULL, "created_at" timestamp(6) NOT NULL, "updated_at" timestamp(6) NOT NULL)[0m
  [1m[35m (1.7ms)[0m  [1m[35mCREATE INDEX "index_polls_on_author_id" ON "polls" ("author_id")[0m
  [1m[35m (0.2ms)[0m  [1m[35mDROP TABLE IF EXISTS "questions" CASCADE[0m
  [1m[35m (5.2ms)[0m  [1m[35mCREATE TABLE "questions" ("id" bigserial primary key, "text" character varying NOT NULL, "poll_id" integer NOT NULL, "created_at" timestamp(6) NOT NULL, "updated_at" timestamp(6) NOT NULL)[0m
  [1m[35m (1.8ms)[0m  [1m[35mCREATE INDEX "index_questions_on_poll_id" ON "questions" ("poll_id")[0m
  [1m[35m (0.2ms)[0m  [1m[35mDROP TABLE IF EXISTS "responses" CASCADE[0m
  [1m[35m (4.0ms)[0m  [1m[35mCREATE TABLE "responses" ("id" bigserial primary key, "answer_choice_id" integer NOT NULL, "respondent_id" integer NOT NULL, "created_at" timestamp(6) NOT NULL, "updated_at" timestamp(6) NOT NULL)[0m
  [1m[35m (1.6ms)[0m  [1m[35mCREATE INDEX "index_responses_on_answer_choice_id" ON "responses" ("answer_choice_id")[0m
  [1m[35m (1.6ms)[0m  [1m[35mCREATE INDEX "index_responses_on_respondent_id" ON "responses" ("respondent_id")[0m
  [1m[35m (0.2ms)[0m  [1m[35mDROP TABLE IF EXISTS "users" CASCADE[0m
  [1m[35m (6.4ms)[0m  [1m[35mCREATE TABLE "users" ("id" bigserial primary key, "username" character varying NOT NULL, "created_at" timestamp(6) NOT NULL, "updated_at" timestamp(6) NOT NULL)[0m
  [1m[35m (2.0ms)[0m  [1m[35mCREATE UNIQUE INDEX "index_users_on_username" ON "users" ("username")[0m
  [1m[35m (4.0ms)[0m  [1m[35mCREATE TABLE "schema_migrations" ("version" character varying NOT NULL PRIMARY KEY)[0m
  [1m[35m (0.9ms)[0m  [1m[34mSELECT "schema_migrations"."version" FROM "schema_migrations" ORDER BY "schema_migrations"."version" ASC[0m
  [1m[35m (0.8ms)[0m  [1m[32mINSERT INTO "schema_migrations" (version) VALUES (20211215033229)[0m
  [1m[35m (0.6ms)[0m  [1m[32mINSERT INTO "schema_migrations" (version) VALUES
(20211215033035),
(20211215033130),
(20211215033142),
(20211215033210);

[0m
  [1m[35m (4.8ms)[0m  [1m[35mCREATE TABLE "ar_internal_metadata" ("key" character varying NOT NULL PRIMARY KEY, "value" character varying, "created_at" timestamp(6) NOT NULL, "updated_at" timestamp(6) NOT NULL)[0m
  [1m[36mActiveRecord::InternalMetadata Load (0.6ms)[0m  [1m[34mSELECT "ar_internal_metadata".* FROM "ar_internal_metadata" WHERE "ar_internal_metadata"."key" = $1 LIMIT $2[0m  [["key", "environment"], ["LIMIT", 1]]
  [1m[36mTRANSACTION (0.2ms)[0m  [1m[35mBEGIN[0m
  [1m[36mActiveRecord::InternalMetadata Create (0.7ms)[0m  [1m[32mINSERT INTO "ar_internal_metadata" ("key", "value", "created_at", "updated_at") VALUES ($1, $2, $3, $4) RETURNING "key"[0m  [["key", "environment"], ["value", "development"], ["created_at", "2021-12-16 01:48:16.988447"], ["updated_at", "2021-12-16 01:48:16.988447"]]
  [1m[36mTRANSACTION (0.4ms)[0m  [1m[35mCOMMIT[0m
  [1m[36mActiveRecord::InternalMetadata Load (0.3ms)[0m  [1m[34mSELECT "ar_internal_metadata".* FROM "ar_internal_metadata" WHERE "ar_internal_metadata"."key" = $1 LIMIT $2[0m  [["key", "environment"], ["LIMIT", 1]]
  [1m[36mTRANSACTION (0.2ms)[0m  [1m[35mBEGIN[0m
  [1m[36mActiveRecord::InternalMetadata Update (9.9ms)[0m  [1m[33mUPDATE "ar_internal_metadata" SET "value" = $1, "updated_at" = $2 WHERE "ar_internal_metadata"."key" = $3[0m  [["value", "test"], ["updated_at", "2021-12-16 01:48:16.998186"], ["key", "environment"]]
  [1m[36mTRANSACTION (0.3ms)[0m  [1m[35mCOMMIT[0m
  [1m[36mActiveRecord::InternalMetadata Load (0.8ms)[0m  [1m[34mSELECT "ar_internal_metadata".* FROM "ar_internal_metadata" WHERE "ar_internal_metadata"."key" = $1 LIMIT $2[0m  [["key", "schema_sha1"], ["LIMIT", 1]]
  [1m[36mTRANSACTION (0.2ms)[0m  [1m[35mBEGIN[0m
  [1m[36mActiveRecord::InternalMetadata Create (0.4ms)[0m  [1m[32mINSERT INTO "ar_internal_metadata" ("key", "value", "created_at", "updated_at") VALUES ($1, $2, $3, $4) RETURNING "key"[0m  [["key", "schema_sha1"], ["value", "0a80676a2bea9dbc562a650b8a8617960841305a"], ["created_at", "2021-12-16 01:48:17.018808"], ["updated_at", "2021-12-16 01:48:17.018808"]]
  [1m[36mTRANSACTION (0.7ms)[0m  [1m[35mCOMMIT[0m
  [1m[35m (1.3ms)[0m  [1m[34mSELECT "schema_migrations"."version" FROM "schema_migrations" ORDER BY "schema_migrations"."version" ASC[0m
  [1m[36mTRANSACTION (0.2ms)[0m  [1m[35mBEGIN[0m
  [1m[36mUser Load (1.0ms)[0m  [1m[34mSELECT "users".* FROM "users"[0m
  [1m[36mPoll Load (0.9ms)[0m  [1m[34mSELECT "polls".* FROM "polls"[0m
  [1m[36mQuestion Load (0.9ms)[0m  [1m[34mSELECT "questions".* FROM "questions"[0m
  [1m[36mAnswerChoice Load (0.7ms)[0m  [1m[34mSELECT "answer_choices".* FROM "answer_choices"[0m
  [1m[36mResponse Load (1.0ms)[0m  [1m[34mSELECT "responses".* FROM "responses"[0m
  [1m[36mUser Create (1.0ms)[0m  [1m[32mINSERT INTO "users" ("username", "created_at", "updated_at") VALUES ($1, $2, $3) RETURNING "id"[0m  [["username", "daytrip1"], ["created_at", "2021-12-16 01:48:17.134794"], ["updated_at", "2021-12-16 01:48:17.134794"]]
  [1m[36mUser Create (0.4ms)[0m  [1m[32mINSERT INTO "users" ("username", "created_at", "updated_at") VALUES ($1, $2, $3) RETURNING "id"[0m  [["username", "kidCwebby"], ["created_at", "2021-12-16 01:48:17.139448"], ["updated_at", "2021-12-16 01:48:17.139448"]]
  [1m[36mTRANSACTION (0.3ms)[0m  [1m[31mROLLBACK[0m
  [1m[35m (0.8ms)[0m  [1m[34mSELECT "schema_migrations"."version" FROM "schema_migrations" ORDER BY "schema_migrations"."version" ASC[0m
  [1m[35m (0.4ms)[0m  [1m[34mSELECT "ar_internal_metadata"."value" FROM "ar_internal_metadata" WHERE "ar_internal_metadata"."key" = $1[0m  [["key", "environment"]]
  [1m[35m (0.3ms)[0m  [1m[34mSELECT "schema_migrations"."version" FROM "schema_migrations" ORDER BY "schema_migrations"."version" ASC[0m
  [1m[35m (0.3ms)[0m  [1m[34mSELECT "ar_internal_metadata"."value" FROM "ar_internal_metadata" WHERE "ar_internal_metadata"."key" = $1[0m  [["key", "environment"]]
  [1m[35m (0.3ms)[0m  [1m[34mSELECT "schema_migrations"."version" FROM "schema_migrations" ORDER BY "schema_migrations"."version" ASC[0m
  [1m[35m (0.3ms)[0m  [1m[34mSELECT "ar_internal_metadata"."value" FROM "ar_internal_metadata" WHERE "ar_internal_metadata"."key" = $1[0m  [["key", "environment"]]
  [1m[35m (66.8ms)[0m  [1m[35mDROP DATABASE IF EXISTS "polls_app_development"[0m
  [1m[35m (52.1ms)[0m  [1m[35mDROP DATABASE IF EXISTS "polls_app_test"[0m
  [1m[35m (177.1ms)[0m  [1m[35mCREATE DATABASE "polls_app_development" ENCODING = 'unicode'[0m
  [1m[35m (330.0ms)[0m  [1m[35mCREATE DATABASE "polls_app_test" ENCODING = 'unicode'[0m
  [1m[35mSQL (0.5ms)[0m  [1m[35mCREATE EXTENSION IF NOT EXISTS "plpgsql"[0m
  [1m[35m (0.7ms)[0m  [1m[35mDROP TABLE IF EXISTS "answer_choices" CASCADE[0m
  [1m[35m (10.7ms)[0m  [1m[35mCREATE TABLE "answer_choices" ("id" bigserial primary key, "text" character varying NOT NULL, "question_id" integer NOT NULL, "created_at" timestamp(6) NOT NULL, "updated_at" timestamp(6) NOT NULL)[0m
  [1m[35m (1.7ms)[0m  [1m[35mCREATE INDEX "index_answer_choices_on_question_id" ON "answer_choices" ("question_id")[0m
  [1m[35m (0.2ms)[0m  [1m[35mDROP TABLE IF EXISTS "polls" CASCADE[0m
  [1m[35m (6.6ms)[0m  [1m[35mCREATE TABLE "polls" ("id" bigserial primary key, "title" character varying NOT NULL, "author_id" integer NOT NULL, "created_at" timestamp(6) NOT NULL, "updated_at" timestamp(6) NOT NULL)[0m
  [1m[35m (5.8ms)[0m  [1m[35mCREATE INDEX "index_polls_on_author_id" ON "polls" ("author_id")[0m
  [1m[35m (0.2ms)[0m  [1m[35mDROP TABLE IF EXISTS "questions" CASCADE[0m
  [1m[35m (25.4ms)[0m  [1m[35mCREATE TABLE "questions" ("id" bigserial primary key, "text" character varying NOT NULL, "poll_id" integer NOT NULL, "created_at" timestamp(6) NOT NULL, "updated_at" timestamp(6) NOT NULL)[0m
  [1m[35m (9.2ms)[0m  [1m[35mCREATE INDEX "index_questions_on_poll_id" ON "questions" ("poll_id")[0m
  [1m[35m (0.2ms)[0m  [1m[35mDROP TABLE IF EXISTS "responses" CASCADE[0m
  [1m[35m (4.6ms)[0m  [1m[35mCREATE TABLE "responses" ("id" bigserial primary key, "answer_choice_id" integer NOT NULL, "respondent_id" integer NOT NULL, "created_at" timestamp(6) NOT NULL, "updated_at" timestamp(6) NOT NULL)[0m
  [1m[35m (1.7ms)[0m  [1m[35mCREATE INDEX "index_responses_on_answer_choice_id" ON "responses" ("answer_choice_id")[0m
  [1m[35m (1.5ms)[0m  [1m[35mCREATE INDEX "index_responses_on_respondent_id" ON "responses" ("respondent_id")[0m
  [1m[35m (0.2ms)[0m  [1m[35mDROP TABLE IF EXISTS "users" CASCADE[0m
  [1m[35m (6.5ms)[0m  [1m[35mCREATE TABLE "users" ("id" bigserial primary key, "username" character varying NOT NULL, "created_at" timestamp(6) NOT NULL, "updated_at" timestamp(6) NOT NULL)[0m
  [1m[35m (5.0ms)[0m  [1m[35mCREATE UNIQUE INDEX "index_users_on_username" ON "users" ("username")[0m
  [1m[35m (4.0ms)[0m  [1m[35mCREATE TABLE "schema_migrations" ("version" character varying NOT NULL PRIMARY KEY)[0m
  [1m[35m (0.8ms)[0m  [1m[34mSELECT "schema_migrations"."version" FROM "schema_migrations" ORDER BY "schema_migrations"."version" ASC[0m
  [1m[35m (0.8ms)[0m  [1m[32mINSERT INTO "schema_migrations" (version) VALUES (20211215033229)[0m
  [1m[35m (0.6ms)[0m  [1m[32mINSERT INTO "schema_migrations" (version) VALUES
(20211215033035),
(20211215033130),
(20211215033142),
(20211215033210);

[0m
  [1m[35m (4.1ms)[0m  [1m[35mCREATE TABLE "ar_internal_metadata" ("key" character varying NOT NULL PRIMARY KEY, "value" character varying, "created_at" timestamp(6) NOT NULL, "updated_at" timestamp(6) NOT NULL)[0m
  [1m[36mActiveRecord::InternalMetadata Load (0.5ms)[0m  [1m[34mSELECT "ar_internal_metadata".* FROM "ar_internal_metadata" WHERE "ar_internal_metadata"."key" = $1 LIMIT $2[0m  [["key", "environment"], ["LIMIT", 1]]
  [1m[36mTRANSACTION (0.2ms)[0m  [1m[35mBEGIN[0m
  [1m[36mActiveRecord::InternalMetadata Create (0.7ms)[0m  [1m[32mINSERT INTO "ar_internal_metadata" ("key", "value", "created_at", "updated_at") VALUES ($1, $2, $3, $4) RETURNING "key"[0m  [["key", "environment"], ["value", "development"], ["created_at", "2021-12-16 01:55:54.341954"], ["updated_at", "2021-12-16 01:55:54.341954"]]
  [1m[36mTRANSACTION (0.4ms)[0m  [1m[35mCOMMIT[0m
  [1m[36mActiveRecord::InternalMetadata Load (0.3ms)[0m  [1m[34mSELECT "ar_internal_metadata".* FROM "ar_internal_metadata" WHERE "ar_internal_metadata"."key" = $1 LIMIT $2[0m  [["key", "environment"], ["LIMIT", 1]]
  [1m[36mActiveRecord::InternalMetadata Load (0.3ms)[0m  [1m[34mSELECT "ar_internal_metadata".* FROM "ar_internal_metadata" WHERE "ar_internal_metadata"."key" = $1 LIMIT $2[0m  [["key", "schema_sha1"], ["LIMIT", 1]]
  [1m[36mTRANSACTION (0.1ms)[0m  [1m[35mBEGIN[0m
  [1m[36mActiveRecord::InternalMetadata Create (4.4ms)[0m  [1m[32mINSERT INTO "ar_internal_metadata" ("key", "value", "created_at", "updated_at") VALUES ($1, $2, $3, $4) RETURNING "key"[0m  [["key", "schema_sha1"], ["value", "0a80676a2bea9dbc562a650b8a8617960841305a"], ["created_at", "2021-12-16 01:55:54.356351"], ["updated_at", "2021-12-16 01:55:54.356351"]]
  [1m[36mTRANSACTION (20.9ms)[0m  [1m[35mCOMMIT[0m
  [1m[35mSQL (0.5ms)[0m  [1m[35mCREATE EXTENSION IF NOT EXISTS "plpgsql"[0m
  [1m[35m (0.2ms)[0m  [1m[35mDROP TABLE IF EXISTS "answer_choices" CASCADE[0m
  [1m[35m (10.5ms)[0m  [1m[35mCREATE TABLE "answer_choices" ("id" bigserial primary key, "text" character varying NOT NULL, "question_id" integer NOT NULL, "created_at" timestamp(6) NOT NULL, "updated_at" timestamp(6) NOT NULL)[0m
  [1m[35m (1.7ms)[0m  [1m[35mCREATE INDEX "index_answer_choices_on_question_id" ON "answer_choices" ("question_id")[0m
  [1m[35m (0.2ms)[0m  [1m[35mDROP TABLE IF EXISTS "polls" CASCADE[0m
  [1m[35m (5.7ms)[0m  [1m[35mCREATE TABLE "polls" ("id" bigserial primary key, "title" character varying NOT NULL, "author_id" integer NOT NULL, "created_at" timestamp(6) NOT NULL, "updated_at" timestamp(6) NOT NULL)[0m
  [1m[35m (1.8ms)[0m  [1m[35mCREATE INDEX "index_polls_on_author_id" ON "polls" ("author_id")[0m
  [1m[35m (0.2ms)[0m  [1m[35mDROP TABLE IF EXISTS "questions" CASCADE[0m
  [1m[35m (5.3ms)[0m  [1m[35mCREATE TABLE "questions" ("id" bigserial primary key, "text" character varying NOT NULL, "poll_id" integer NOT NULL, "created_at" timestamp(6) NOT NULL, "updated_at" timestamp(6) NOT NULL)[0m
  [1m[35m (2.2ms)[0m  [1m[35mCREATE INDEX "index_questions_on_poll_id" ON "questions" ("poll_id")[0m
  [1m[35m (0.2ms)[0m  [1m[35mDROP TABLE IF EXISTS "responses" CASCADE[0m
  [1m[35m (4.0ms)[0m  [1m[35mCREATE TABLE "responses" ("id" bigserial primary key, "answer_choice_id" integer NOT NULL, "respondent_id" integer NOT NULL, "created_at" timestamp(6) NOT NULL, "updated_at" timestamp(6) NOT NULL)[0m
  [1m[35m (1.6ms)[0m  [1m[35mCREATE INDEX "index_responses_on_answer_choice_id" ON "responses" ("answer_choice_id")[0m
  [1m[35m (1.5ms)[0m  [1m[35mCREATE INDEX "index_responses_on_respondent_id" ON "responses" ("respondent_id")[0m
  [1m[35m (0.2ms)[0m  [1m[35mDROP TABLE IF EXISTS "users" CASCADE[0m
  [1m[35m (7.7ms)[0m  [1m[35mCREATE TABLE "users" ("id" bigserial primary key, "username" character varying NOT NULL, "created_at" timestamp(6) NOT NULL, "updated_at" timestamp(6) NOT NULL)[0m
  [1m[35m (30.1ms)[0m  [1m[35mCREATE UNIQUE INDEX "index_users_on_username" ON "users" ("username")[0m
  [1m[35m (4.3ms)[0m  [1m[35mCREATE TABLE "schema_migrations" ("version" character varying NOT NULL PRIMARY KEY)[0m
  [1m[35m (0.8ms)[0m  [1m[34mSELECT "schema_migrations"."version" FROM "schema_migrations" ORDER BY "schema_migrations"."version" ASC[0m
  [1m[35m (0.8ms)[0m  [1m[32mINSERT INTO "schema_migrations" (version) VALUES (20211215033229)[0m
  [1m[35m (0.8ms)[0m  [1m[32mINSERT INTO "schema_migrations" (version) VALUES
(20211215033035),
(20211215033130),
(20211215033142),
(20211215033210);

[0m
  [1m[35m (4.0ms)[0m  [1m[35mCREATE TABLE "ar_internal_metadata" ("key" character varying NOT NULL PRIMARY KEY, "value" character varying, "created_at" timestamp(6) NOT NULL, "updated_at" timestamp(6) NOT NULL)[0m
  [1m[36mActiveRecord::InternalMetadata Load (0.5ms)[0m  [1m[34mSELECT "ar_internal_metadata".* FROM "ar_internal_metadata" WHERE "ar_internal_metadata"."key" = $1 LIMIT $2[0m  [["key", "environment"], ["LIMIT", 1]]
  [1m[36mTRANSACTION (0.2ms)[0m  [1m[35mBEGIN[0m
  [1m[36mActiveRecord::InternalMetadata Create (0.8ms)[0m  [1m[32mINSERT INTO "ar_internal_metadata" ("key", "value", "created_at", "updated_at") VALUES ($1, $2, $3, $4) RETURNING "key"[0m  [["key", "environment"], ["value", "development"], ["created_at", "2021-12-16 01:55:54.552075"], ["updated_at", "2021-12-16 01:55:54.552075"]]
  [1m[36mTRANSACTION (0.4ms)[0m  [1m[35mCOMMIT[0m
  [1m[36mActiveRecord::InternalMetadata Load (0.3ms)[0m  [1m[34mSELECT "ar_internal_metadata".* FROM "ar_internal_metadata" WHERE "ar_internal_metadata"."key" = $1 LIMIT $2[0m  [["key", "environment"], ["LIMIT", 1]]
  [1m[36mTRANSACTION (0.2ms)[0m  [1m[35mBEGIN[0m
  [1m[36mActiveRecord::InternalMetadata Update (0.4ms)[0m  [1m[33mUPDATE "ar_internal_metadata" SET "value" = $1, "updated_at" = $2 WHERE "ar_internal_metadata"."key" = $3[0m  [["value", "test"], ["updated_at", "2021-12-16 01:55:54.561776"], ["key", "environment"]]
  [1m[36mTRANSACTION (0.4ms)[0m  [1m[35mCOMMIT[0m
  [1m[36mActiveRecord::InternalMetadata Load (0.3ms)[0m  [1m[34mSELECT "ar_internal_metadata".* FROM "ar_internal_metadata" WHERE "ar_internal_metadata"."key" = $1 LIMIT $2[0m  [["key", "schema_sha1"], ["LIMIT", 1]]
  [1m[36mTRANSACTION (0.1ms)[0m  [1m[35mBEGIN[0m
  [1m[36mActiveRecord::InternalMetadata Create (0.4ms)[0m  [1m[32mINSERT INTO "ar_internal_metadata" ("key", "value", "created_at", "updated_at") VALUES ($1, $2, $3, $4) RETURNING "key"[0m  [["key", "schema_sha1"], ["value", "0a80676a2bea9dbc562a650b8a8617960841305a"], ["created_at", "2021-12-16 01:55:54.571096"], ["updated_at", "2021-12-16 01:55:54.571096"]]
  [1m[36mTRANSACTION (0.4ms)[0m  [1m[35mCOMMIT[0m
  [1m[35m (1.1ms)[0m  [1m[34mSELECT "schema_migrations"."version" FROM "schema_migrations" ORDER BY "schema_migrations"."version" ASC[0m
  [1m[36mTRANSACTION (0.2ms)[0m  [1m[35mBEGIN[0m
  [1m[36mUser Load (1.0ms)[0m  [1m[34mSELECT "users".* FROM "users"[0m
  [1m[36mPoll Load (0.7ms)[0m  [1m[34mSELECT "polls".* FROM "polls"[0m
  [1m[36mQuestion Load (0.7ms)[0m  [1m[34mSELECT "questions".* FROM "questions"[0m
  [1m[36mAnswerChoice Load (0.7ms)[0m  [1m[34mSELECT "answer_choices".* FROM "answer_choices"[0m
  [1m[36mResponse Load (0.9ms)[0m  [1m[34mSELECT "responses".* FROM "responses"[0m
  [1m[36mUser Create (1.1ms)[0m  [1m[32mINSERT INTO "users" ("username", "created_at", "updated_at") VALUES ($1, $2, $3) RETURNING "id"[0m  [["username", "daytrip1"], ["created_at", "2021-12-16 01:55:54.761265"], ["updated_at", "2021-12-16 01:55:54.761265"]]
  [1m[36mUser Create (0.4ms)[0m  [1m[32mINSERT INTO "users" ("username", "created_at", "updated_at") VALUES ($1, $2, $3) RETURNING "id"[0m  [["username", "kidCwebby"], ["created_at", "2021-12-16 01:55:54.765953"], ["updated_at", "2021-12-16 01:55:54.765953"]]
  [1m[36mTRANSACTION (0.3ms)[0m  [1m[31mROLLBACK[0m
  [1m[35m (1.3ms)[0m  [1m[34mSELECT "schema_migrations"."version" FROM "schema_migrations" ORDER BY "schema_migrations"."version" ASC[0m
  [1m[35m (0.4ms)[0m  [1m[34mSELECT "ar_internal_metadata"."value" FROM "ar_internal_metadata" WHERE "ar_internal_metadata"."key" = $1[0m  [["key", "environment"]]
  [1m[35m (0.3ms)[0m  [1m[34mSELECT "schema_migrations"."version" FROM "schema_migrations" ORDER BY "schema_migrations"."version" ASC[0m
  [1m[35m (0.2ms)[0m  [1m[34mSELECT "ar_internal_metadata"."value" FROM "ar_internal_metadata" WHERE "ar_internal_metadata"."key" = $1[0m  [["key", "environment"]]
  [1m[35m (0.3ms)[0m  [1m[34mSELECT "schema_migrations"."version" FROM "schema_migrations" ORDER BY "schema_migrations"."version" ASC[0m
  [1m[35m (0.2ms)[0m  [1m[34mSELECT "ar_internal_metadata"."value" FROM "ar_internal_metadata" WHERE "ar_internal_metadata"."key" = $1[0m  [["key", "environment"]]
  [1m[35m (77.5ms)[0m  [1m[35mDROP DATABASE IF EXISTS "polls_app_development"[0m
  [1m[35m (72.8ms)[0m  [1m[35mDROP DATABASE IF EXISTS "polls_app_test"[0m
  [1m[35m (142.3ms)[0m  [1m[35mCREATE DATABASE "polls_app_development" ENCODING = 'unicode'[0m
  [1m[35m (158.1ms)[0m  [1m[35mCREATE DATABASE "polls_app_test" ENCODING = 'unicode'[0m
  [1m[35mSQL (0.7ms)[0m  [1m[35mCREATE EXTENSION IF NOT EXISTS "plpgsql"[0m
  [1m[35m (0.3ms)[0m  [1m[35mDROP TABLE IF EXISTS "answer_choices" CASCADE[0m
  [1m[35m (19.2ms)[0m  [1m[35mCREATE TABLE "answer_choices" ("id" bigserial primary key, "text" character varying NOT NULL, "question_id" integer NOT NULL, "created_at" timestamp(6) NOT NULL, "updated_at" timestamp(6) NOT NULL)[0m
  [1m[35m (1.7ms)[0m  [1m[35mCREATE INDEX "index_answer_choices_on_question_id" ON "answer_choices" ("question_id")[0m
  [1m[35m (0.3ms)[0m  [1m[35mDROP TABLE IF EXISTS "polls" CASCADE[0m
  [1m[35m (7.4ms)[0m  [1m[35mCREATE TABLE "polls" ("id" bigserial primary key, "title" character varying NOT NULL, "author_id" integer NOT NULL, "created_at" timestamp(6) NOT NULL, "updated_at" timestamp(6) NOT NULL)[0m
  [1m[35m (2.2ms)[0m  [1m[35mCREATE INDEX "index_polls_on_author_id" ON "polls" ("author_id")[0m
  [1m[35m (0.4ms)[0m  [1m[35mDROP TABLE IF EXISTS "questions" CASCADE[0m
  [1m[35m (14.0ms)[0m  [1m[35mCREATE TABLE "questions" ("id" bigserial primary key, "text" character varying NOT NULL, "poll_id" integer NOT NULL, "created_at" timestamp(6) NOT NULL, "updated_at" timestamp(6) NOT NULL)[0m
  [1m[35m (5.6ms)[0m  [1m[35mCREATE INDEX "index_questions_on_poll_id" ON "questions" ("poll_id")[0m
  [1m[35m (0.2ms)[0m  [1m[35mDROP TABLE IF EXISTS "responses" CASCADE[0m
  [1m[35m (5.1ms)[0m  [1m[35mCREATE TABLE "responses" ("id" bigserial primary key, "answer_choice_id" integer NOT NULL, "respondent_id" integer NOT NULL, "created_at" timestamp(6) NOT NULL, "updated_at" timestamp(6) NOT NULL)[0m
  [1m[35m (2.0ms)[0m  [1m[35mCREATE INDEX "index_responses_on_answer_choice_id" ON "responses" ("answer_choice_id")[0m
  [1m[35m (1.8ms)[0m  [1m[35mCREATE INDEX "index_responses_on_respondent_id" ON "responses" ("respondent_id")[0m
  [1m[35m (0.2ms)[0m  [1m[35mDROP TABLE IF EXISTS "users" CASCADE[0m
  [1m[35m (6.7ms)[0m  [1m[35mCREATE TABLE "users" ("id" bigserial primary key, "username" character varying NOT NULL, "created_at" timestamp(6) NOT NULL, "updated_at" timestamp(6) NOT NULL)[0m
  [1m[35m (2.5ms)[0m  [1m[35mCREATE UNIQUE INDEX "index_users_on_username" ON "users" ("username")[0m
  [1m[35m (5.0ms)[0m  [1m[35mCREATE TABLE "schema_migrations" ("version" character varying NOT NULL PRIMARY KEY)[0m
  [1m[35m (1.0ms)[0m  [1m[34mSELECT "schema_migrations"."version" FROM "schema_migrations" ORDER BY "schema_migrations"."version" ASC[0m
  [1m[35m (1.0ms)[0m  [1m[32mINSERT INTO "schema_migrations" (version) VALUES (20211215033229)[0m
  [1m[35m (31.1ms)[0m  [1m[32mINSERT INTO "schema_migrations" (version) VALUES
(20211215033035),
(20211215033130),
(20211215033142),
(20211215033210);

[0m
  [1m[35m (5.4ms)[0m  [1m[35mCREATE TABLE "ar_internal_metadata" ("key" character varying NOT NULL PRIMARY KEY, "value" character varying, "created_at" timestamp(6) NOT NULL, "updated_at" timestamp(6) NOT NULL)[0m
  [1m[36mActiveRecord::InternalMetadata Load (0.6ms)[0m  [1m[34mSELECT "ar_internal_metadata".* FROM "ar_internal_metadata" WHERE "ar_internal_metadata"."key" = $1 LIMIT $2[0m  [["key", "environment"], ["LIMIT", 1]]
  [1m[36mTRANSACTION (0.2ms)[0m  [1m[35mBEGIN[0m
  [1m[36mActiveRecord::InternalMetadata Create (0.8ms)[0m  [1m[32mINSERT INTO "ar_internal_metadata" ("key", "value", "created_at", "updated_at") VALUES ($1, $2, $3, $4) RETURNING "key"[0m  [["key", "environment"], ["value", "development"], ["created_at", "2021-12-16 01:56:28.508832"], ["updated_at", "2021-12-16 01:56:28.508832"]]
  [1m[36mTRANSACTION (0.7ms)[0m  [1m[35mCOMMIT[0m
  [1m[36mActiveRecord::InternalMetadata Load (0.4ms)[0m  [1m[34mSELECT "ar_internal_metadata".* FROM "ar_internal_metadata" WHERE "ar_internal_metadata"."key" = $1 LIMIT $2[0m  [["key", "environment"], ["LIMIT", 1]]
  [1m[36mActiveRecord::InternalMetadata Load (0.4ms)[0m  [1m[34mSELECT "ar_internal_metadata".* FROM "ar_internal_metadata" WHERE "ar_internal_metadata"."key" = $1 LIMIT $2[0m  [["key", "schema_sha1"], ["LIMIT", 1]]
  [1m[36mTRANSACTION (0.2ms)[0m  [1m[35mBEGIN[0m
  [1m[36mActiveRecord::InternalMetadata Create (0.7ms)[0m  [1m[32mINSERT INTO "ar_internal_metadata" ("key", "value", "created_at", "updated_at") VALUES ($1, $2, $3, $4) RETURNING "key"[0m  [["key", "schema_sha1"], ["value", "0a80676a2bea9dbc562a650b8a8617960841305a"], ["created_at", "2021-12-16 01:56:28.524895"], ["updated_at", "2021-12-16 01:56:28.524895"]]
  [1m[36mTRANSACTION (7.3ms)[0m  [1m[35mCOMMIT[0m
  [1m[35mSQL (0.6ms)[0m  [1m[35mCREATE EXTENSION IF NOT EXISTS "plpgsql"[0m
  [1m[35m (0.3ms)[0m  [1m[35mDROP TABLE IF EXISTS "answer_choices" CASCADE[0m
  [1m[35m (12.7ms)[0m  [1m[35mCREATE TABLE "answer_choices" ("id" bigserial primary key, "text" character varying NOT NULL, "question_id" integer NOT NULL, "created_at" timestamp(6) NOT NULL, "updated_at" timestamp(6) NOT NULL)[0m
  [1m[35m (2.0ms)[0m  [1m[35mCREATE INDEX "index_answer_choices_on_question_id" ON "answer_choices" ("question_id")[0m
  [1m[35m (0.3ms)[0m  [1m[35mDROP TABLE IF EXISTS "polls" CASCADE[0m
  [1m[35m (7.2ms)[0m  [1m[35mCREATE TABLE "polls" ("id" bigserial primary key, "title" character varying NOT NULL, "author_id" integer NOT NULL, "created_at" timestamp(6) NOT NULL, "updated_at" timestamp(6) NOT NULL)[0m
  [1m[35m (2.0ms)[0m  [1m[35mCREATE INDEX "index_polls_on_author_id" ON "polls" ("author_id")[0m
  [1m[35m (0.2ms)[0m  [1m[35mDROP TABLE IF EXISTS "questions" CASCADE[0m
  [1m[35m (8.9ms)[0m  [1m[35mCREATE TABLE "questions" ("id" bigserial primary key, "text" character varying NOT NULL, "poll_id" integer NOT NULL, "created_at" timestamp(6) NOT NULL, "updated_at" timestamp(6) NOT NULL)[0m
  [1m[35m (1.9ms)[0m  [1m[35mCREATE INDEX "index_questions_on_poll_id" ON "questions" ("poll_id")[0m
  [1m[35m (0.2ms)[0m  [1m[35mDROP TABLE IF EXISTS "responses" CASCADE[0m
  [1m[35m (5.8ms)[0m  [1m[35mCREATE TABLE "responses" ("id" bigserial primary key, "answer_choice_id" integer NOT NULL, "respondent_id" integer NOT NULL, "created_at" timestamp(6) NOT NULL, "updated_at" timestamp(6) NOT NULL)[0m
  [1m[35m (1.9ms)[0m  [1m[35mCREATE INDEX "index_responses_on_answer_choice_id" ON "responses" ("answer_choice_id")[0m
  [1m[35m (1.8ms)[0m  [1m[35mCREATE INDEX "index_responses_on_respondent_id" ON "responses" ("respondent_id")[0m
  [1m[35m (0.2ms)[0m  [1m[35mDROP TABLE IF EXISTS "users" CASCADE[0m
  [1m[35m (6.8ms)[0m  [1m[35mCREATE TABLE "users" ("id" bigserial primary key, "username" character varying NOT NULL, "created_at" timestamp(6) NOT NULL, "updated_at" timestamp(6) NOT NULL)[0m
  [1m[35m (2.4ms)[0m  [1m[35mCREATE UNIQUE INDEX "index_users_on_username" ON "users" ("username")[0m
  [1m[35m (50.3ms)[0m  [1m[35mCREATE TABLE "schema_migrations" ("version" character varying NOT NULL PRIMARY KEY)[0m
  [1m[35m (1.0ms)[0m  [1m[34mSELECT "schema_migrations"."version" FROM "schema_migrations" ORDER BY "schema_migrations"."version" ASC[0m
  [1m[35m (9.5ms)[0m  [1m[32mINSERT INTO "schema_migrations" (version) VALUES (20211215033229)[0m
  [1m[35m (0.7ms)[0m  [1m[32mINSERT INTO "schema_migrations" (version) VALUES
(20211215033035),
(20211215033130),
(20211215033142),
(20211215033210);

[0m
  [1m[35m (5.1ms)[0m  [1m[35mCREATE TABLE "ar_internal_metadata" ("key" character varying NOT NULL PRIMARY KEY, "value" character varying, "created_at" timestamp(6) NOT NULL, "updated_at" timestamp(6) NOT NULL)[0m
  [1m[36mActiveRecord::InternalMetadata Load (0.6ms)[0m  [1m[34mSELECT "ar_internal_metadata".* FROM "ar_internal_metadata" WHERE "ar_internal_metadata"."key" = $1 LIMIT $2[0m  [["key", "environment"], ["LIMIT", 1]]
  [1m[36mTRANSACTION (0.2ms)[0m  [1m[35mBEGIN[0m
  [1m[36mActiveRecord::InternalMetadata Create (0.7ms)[0m  [1m[32mINSERT INTO "ar_internal_metadata" ("key", "value", "created_at", "updated_at") VALUES ($1, $2, $3, $4) RETURNING "key"[0m  [["key", "environment"], ["value", "development"], ["created_at", "2021-12-16 01:56:28.801606"], ["updated_at", "2021-12-16 01:56:28.801606"]]
  [1m[36mTRANSACTION (0.4ms)[0m  [1m[35mCOMMIT[0m
  [1m[36mActiveRecord::InternalMetadata Load (0.3ms)[0m  [1m[34mSELECT "ar_internal_metadata".* FROM "ar_internal_metadata" WHERE "ar_internal_metadata"."key" = $1 LIMIT $2[0m  [["key", "environment"], ["LIMIT", 1]]
  [1m[36mTRANSACTION (0.2ms)[0m  [1m[35mBEGIN[0m
  [1m[36mActiveRecord::InternalMetadata Update (0.5ms)[0m  [1m[33mUPDATE "ar_internal_metadata" SET "value" = $1, "updated_at" = $2 WHERE "ar_internal_metadata"."key" = $3[0m  [["value", "test"], ["updated_at", "2021-12-16 01:56:28.814651"], ["key", "environment"]]
  [1m[36mTRANSACTION (0.5ms)[0m  [1m[35mCOMMIT[0m
  [1m[36mActiveRecord::InternalMetadata Load (0.4ms)[0m  [1m[34mSELECT "ar_internal_metadata".* FROM "ar_internal_metadata" WHERE "ar_internal_metadata"."key" = $1 LIMIT $2[0m  [["key", "schema_sha1"], ["LIMIT", 1]]
  [1m[36mTRANSACTION (0.2ms)[0m  [1m[35mBEGIN[0m
  [1m[36mActiveRecord::InternalMetadata Create (20.7ms)[0m  [1m[32mINSERT INTO "ar_internal_metadata" ("key", "value", "created_at", "updated_at") VALUES ($1, $2, $3, $4) RETURNING "key"[0m  [["key", "schema_sha1"], ["value", "0a80676a2bea9dbc562a650b8a8617960841305a"], ["created_at", "2021-12-16 01:56:28.829015"], ["updated_at", "2021-12-16 01:56:28.829015"]]
  [1m[36mTRANSACTION (10.6ms)[0m  [1m[35mCOMMIT[0m
  [1m[35m (1.4ms)[0m  [1m[34mSELECT "schema_migrations"."version" FROM "schema_migrations" ORDER BY "schema_migrations"."version" ASC[0m
  [1m[36mTRANSACTION (0.3ms)[0m  [1m[35mBEGIN[0m
  [1m[36mUser Create (120.7ms)[0m  [1m[32mINSERT INTO "users" ("username", "created_at", "updated_at") VALUES ($1, $2, $3) RETURNING "id"[0m  [["username", "sammywac"], ["created_at", "2021-12-16 03:15:27.659783"], ["updated_at", "2021-12-16 03:15:27.659783"]]
  [1m[36mTRANSACTION (17.9ms)[0m  [1m[35mCOMMIT[0m
  [1m[36mUser Load (12.4ms)[0m  [1m[34mSELECT "users".* FROM "users"[0m
  [1m[36mPoll Load (1.6ms)[0m  [1m[34mSELECT "polls".* FROM "polls" WHERE "polls"."author_id" = $1[0m  [["author_id", 1]]
  [1m[36mTRANSACTION (0.2ms)[0m  [1m[35mBEGIN[0m
  [1m[36mPoll Create (99.1ms)[0m  [1m[32mINSERT INTO "polls" ("title", "author_id", "created_at", "updated_at") VALUES ($1, $2, $3, $4) RETURNING "id"[0m  [["title", "Popular Agenda Poll"], ["author_id", 1], ["created_at", "2021-12-16 04:08:27.686598"], ["updated_at", "2021-12-16 04:08:27.686598"]]
  [1m[36mTRANSACTION (0.9ms)[0m  [1m[35mCOMMIT[0m
  [1m[36mUser Load (1.4ms)[0m  [1m[34mSELECT "users".* FROM "users" ORDER BY "users"."id" ASC LIMIT $1[0m  [["LIMIT", 1]]
  [1m[36mPoll Load (0.6ms)[0m  [1m[34mSELECT "polls".* FROM "polls" WHERE "polls"."author_id" = $1[0m  [["author_id", 1]]
  [1m[36mPoll Load (0.3ms)[0m  [1m[34mSELECT "polls".* FROM "polls" ORDER BY "polls"."id" ASC LIMIT $1[0m  [["LIMIT", 1]]
  [1m[36mUser Load (0.3ms)[0m  [1m[34mSELECT "users".* FROM "users" WHERE "users"."id" = $1 LIMIT $2[0m  [["id", 1], ["LIMIT", 1]]
  [1m[36mPoll Load (2.8ms)[0m  [1m[34mSELECT "polls".* FROM "polls" ORDER BY "polls"."id" ASC LIMIT $1[0m  [["LIMIT", 1]]
  [1m[36mQuestion Load (4.1ms)[0m  [1m[34mSELECT "questions".* FROM "questions" WHERE "questions"."poll_id" = $1[0m  [["poll_id", 1]]
  [1m[36mTRANSACTION (0.4ms)[0m  [1m[35mBEGIN[0m
  [1m[36mQuestion Create (29.3ms)[0m  [1m[32mINSERT INTO "questions" ("text", "poll_id", "created_at", "updated_at") VALUES ($1, $2, $3, $4) RETURNING "id"[0m  [["text", "DACA or BBB"], ["poll_id", 1], ["created_at", "2021-12-16 04:29:22.681570"], ["updated_at", "2021-12-16 04:29:22.681570"]]
  [1m[36mTRANSACTION (0.7ms)[0m  [1m[35mCOMMIT[0m
  [1m[36mQuestion Load (0.6ms)[0m  [1m[34mSELECT "questions".* FROM "questions" ORDER BY "questions"."id" ASC LIMIT $1[0m  [["LIMIT", 1]]
  [1m[36mQuestion Load (0.6ms)[0m  [1m[34mSELECT "questions".* FROM "questions"[0m
  [1m[36mQuestion Load (0.5ms)[0m  [1m[34mSELECT "questions".* FROM "questions" ORDER BY "questions"."id" ASC LIMIT $1[0m  [["LIMIT", 1]]
  [1m[36mQuestion Load (47.2ms)[0m  [1m[34mSELECT "questions".* FROM "questions"[0m
  [1m[36mQuestion Load (0.4ms)[0m  [1m[34mSELECT "questions".* FROM "questions" ORDER BY "questions"."id" ASC LIMIT $1[0m  [["LIMIT", 1]]
  [1m[36mQuestion Load (6.2ms)[0m  [1m[34mSELECT "questions".* FROM "questions"[0m
  [1m[36mTRANSACTION (6.7ms)[0m  [1m[35mBEGIN[0m
  [1m[36mPoll Load (0.5ms)[0m  [1m[34mSELECT "polls".* FROM "polls" WHERE "polls"."id" = $1 LIMIT $2[0m  [["id", 1], ["LIMIT", 1]]
  [1m[36mQuestion Update (13.6ms)[0m  [1m[33mUPDATE "questions" SET "text" = $1, "updated_at" = $2 WHERE "questions"."id" = $3[0m  [["text", "DACA or BBB?"], ["updated_at", "2021-12-16 04:33:46.656450"], ["id", 1]]
  [1m[36mTRANSACTION (0.9ms)[0m  [1m[35mCOMMIT[0m
  [1m[36mQuestion Load (9.5ms)[0m  [1m[34mSELECT "questions".* FROM "questions" ORDER BY "questions"."id" ASC LIMIT $1[0m  [["LIMIT", 1]]
  [1m[36mPoll Load (4.0ms)[0m  [1m[34mSELECT "polls".* FROM "polls" WHERE "polls"."id" = $1 LIMIT $2[0m  [["id", 1], ["LIMIT", 1]]
  [1m[36mTRANSACTION (5.3ms)[0m  [1m[35mBEGIN[0m
  [1m[36mQuestion Load (0.4ms)[0m  [1m[34mSELECT "questions".* FROM "questions" WHERE "questions"."id" = $1 LIMIT $2[0m  [["id", 1], ["LIMIT", 1]]
  [1m[36mAnswerChoice Create (6.0ms)[0m  [1m[32mINSERT INTO "answer_choices" ("text", "question_id", "created_at", "updated_at") VALUES ($1, $2, $3, $4) RETURNING "id"[0m  [["text", "DACA"], ["question_id", 1], ["created_at", "2021-12-16 04:44:48.089208"], ["updated_at", "2021-12-16 04:44:48.089208"]]
  [1m[36mTRANSACTION (1.3ms)[0m  [1m[35mCOMMIT[0m
  [1m[36mAnswerChoice Load (0.5ms)[0m  [1m[34mSELECT "answer_choices".* FROM "answer_choices" ORDER BY "answer_choices"."id" ASC LIMIT $1[0m  [["LIMIT", 1]]
  [1m[36mQuestion Load (2.4ms)[0m  [1m[34mSELECT "questions".* FROM "questions" WHERE "questions"."id" = $1 LIMIT $2[0m  [["id", 1], ["LIMIT", 1]]
  [1m[36mAnswerChoice Load (25.7ms)[0m  [1m[34mSELECT "answer_choices".* FROM "answer_choices" ORDER BY "answer_choices"."id" ASC LIMIT $1[0m  [["LIMIT", 1]]
  [1m[36mAnswerChoice Load (3.2ms)[0m  [1m[34mSELECT "answer_choices".* FROM "answer_choices" ORDER BY "answer_choices"."id" ASC LIMIT $1[0m  [["LIMIT", 1]]
  [1m[36mResponse Load (8.7ms)[0m  [1m[34mSELECT "responses".* FROM "responses" WHERE "responses"."answer_choice_id" = $1[0m  [["answer_choice_id", 1]]
  [1m[36mTRANSACTION (55.8ms)[0m  [1m[35mBEGIN[0m
  [1m[36mResponse Create (28.3ms)[0m  [1m[32mINSERT INTO "responses" ("answer_choice_id", "respondent_id", "created_at", "updated_at") VALUES ($1, $2, $3, $4) RETURNING "id"[0m  [["answer_choice_id", 1], ["respondent_id", 1], ["created_at", "2021-12-16 05:07:32.654995"], ["updated_at", "2021-12-16 05:07:32.654995"]]
  [1m[36mTRANSACTION (0.5ms)[0m  [1m[35mCOMMIT[0m
  [1m[36mResponse Load (0.5ms)[0m  [1m[34mSELECT "responses".* FROM "responses" ORDER BY "responses"."id" ASC LIMIT $1[0m  [["LIMIT", 1]]
  [1m[36mResponse Load (5.0ms)[0m  [1m[34mSELECT "responses".* FROM "responses"[0m
  [1m[36mResponse Load (0.4ms)[0m  [1m[34mSELECT "responses".* FROM "responses" ORDER BY "responses"."id" ASC LIMIT $1[0m  [["LIMIT", 1]]
  [1m[36mResponse Load (24.6ms)[0m  [1m[34mSELECT "responses".* FROM "responses" ORDER BY "responses"."id" ASC LIMIT $1[0m  [["LIMIT", 1]]
  [1m[36mAnswerChoice Load (0.5ms)[0m  [1m[34mSELECT "answer_choices".* FROM "answer_choices" WHERE "answer_choices"."id" = $1 LIMIT $2[0m  [["id", 1], ["LIMIT", 1]]
  [1m[36mResponse Load (0.4ms)[0m  [1m[34mSELECT "responses".* FROM "responses" ORDER BY "responses"."id" ASC LIMIT $1[0m  [["LIMIT", 1]]
  [1m[36mUser Load (0.5ms)[0m  [1m[34mSELECT "users".* FROM "users" WHERE "users"."id" = $1 LIMIT $2[0m  [["id", 1], ["LIMIT", 1]]
  [1m[35m (1.8ms)[0m  [1m[34mSELECT "schema_migrations"."version" FROM "schema_migrations" ORDER BY "schema_migrations"."version" ASC[0m
  [1m[35m (4.7ms)[0m  [1m[34mSELECT "ar_internal_metadata"."value" FROM "ar_internal_metadata" WHERE "ar_internal_metadata"."key" = $1[0m  [["key", "environment"]]
  [1m[35m (0.3ms)[0m  [1m[34mSELECT "schema_migrations"."version" FROM "schema_migrations" ORDER BY "schema_migrations"."version" ASC[0m
  [1m[35m (0.3ms)[0m  [1m[34mSELECT "ar_internal_metadata"."value" FROM "ar_internal_metadata" WHERE "ar_internal_metadata"."key" = $1[0m  [["key", "environment"]]
  [1m[35m (0.3ms)[0m  [1m[34mSELECT "schema_migrations"."version" FROM "schema_migrations" ORDER BY "schema_migrations"."version" ASC[0m
  [1m[35m (0.3ms)[0m  [1m[34mSELECT "ar_internal_metadata"."value" FROM "ar_internal_metadata" WHERE "ar_internal_metadata"."key" = $1[0m  [["key", "environment"]]
  [1m[35m (8572.9ms)[0m  [1m[35mDROP DATABASE IF EXISTS "polls_app_development"[0m
  [1m[35m (3.5ms)[0m  [1m[34mSELECT "schema_migrations"."version" FROM "schema_migrations" ORDER BY "schema_migrations"."version" ASC[0m
  [1m[35m (5.0ms)[0m  [1m[34mSELECT "ar_internal_metadata"."value" FROM "ar_internal_metadata" WHERE "ar_internal_metadata"."key" = $1[0m  [["key", "environment"]]
  [1m[35m (0.4ms)[0m  [1m[34mSELECT "schema_migrations"."version" FROM "schema_migrations" ORDER BY "schema_migrations"."version" ASC[0m
  [1m[35m (0.3ms)[0m  [1m[34mSELECT "ar_internal_metadata"."value" FROM "ar_internal_metadata" WHERE "ar_internal_metadata"."key" = $1[0m  [["key", "environment"]]
  [1m[35m (0.3ms)[0m  [1m[34mSELECT "schema_migrations"."version" FROM "schema_migrations" ORDER BY "schema_migrations"."version" ASC[0m
  [1m[35m (0.3ms)[0m  [1m[34mSELECT "ar_internal_metadata"."value" FROM "ar_internal_metadata" WHERE "ar_internal_metadata"."key" = $1[0m  [["key", "environment"]]
  [1m[35m (70.8ms)[0m  [1m[35mDROP DATABASE IF EXISTS "polls_app_development"[0m
  [1m[35m (66.1ms)[0m  [1m[35mDROP DATABASE IF EXISTS "polls_app_test"[0m
  [1m[35m (467.7ms)[0m  [1m[35mCREATE DATABASE "polls_app_development" ENCODING = 'unicode'[0m
  [1m[35m (209.0ms)[0m  [1m[35mCREATE DATABASE "polls_app_test" ENCODING = 'unicode'[0m
  [1m[35mSQL (3.1ms)[0m  [1m[35mCREATE EXTENSION IF NOT EXISTS "plpgsql"[0m
  [1m[35m (8.5ms)[0m  [1m[35mDROP TABLE IF EXISTS "answer_choices" CASCADE[0m
  [1m[35m (28.5ms)[0m  [1m[35mCREATE TABLE "answer_choices" ("id" bigserial primary key, "text" character varying NOT NULL, "question_id" integer NOT NULL, "created_at" timestamp(6) NOT NULL, "updated_at" timestamp(6) NOT NULL)[0m
  [1m[35m (2.7ms)[0m  [1m[35mCREATE INDEX "index_answer_choices_on_question_id" ON "answer_choices" ("question_id")[0m
  [1m[35m (0.5ms)[0m  [1m[35mDROP TABLE IF EXISTS "polls" CASCADE[0m
  [1m[35m (10.9ms)[0m  [1m[35mCREATE TABLE "polls" ("id" bigserial primary key, "title" character varying NOT NULL, "author_id" integer NOT NULL, "created_at" timestamp(6) NOT NULL, "updated_at" timestamp(6) NOT NULL)[0m
  [1m[35m (2.4ms)[0m  [1m[35mCREATE INDEX "index_polls_on_author_id" ON "polls" ("author_id")[0m
  [1m[35m (0.3ms)[0m  [1m[35mDROP TABLE IF EXISTS "questions" CASCADE[0m
  [1m[35m (9.5ms)[0m  [1m[35mCREATE TABLE "questions" ("id" bigserial primary key, "text" character varying NOT NULL, "poll_id" integer NOT NULL, "created_at" timestamp(6) NOT NULL, "updated_at" timestamp(6) NOT NULL)[0m
  [1m[35m (46.3ms)[0m  [1m[35mCREATE INDEX "index_questions_on_poll_id" ON "questions" ("poll_id")[0m
  [1m[35m (3.1ms)[0m  [1m[35mDROP TABLE IF EXISTS "responses" CASCADE[0m
  [1m[35m (140.1ms)[0m  [1m[35mCREATE TABLE "responses" ("id" bigserial primary key, "answer_choice_id" integer NOT NULL, "respondent_id" integer NOT NULL, "created_at" timestamp(6) NOT NULL, "updated_at" timestamp(6) NOT NULL)[0m
  [1m[35m (27.6ms)[0m  [1m[35mCREATE INDEX "index_responses_on_answer_choice_id" ON "responses" ("answer_choice_id")[0m
  [1m[35m (10.2ms)[0m  [1m[35mCREATE INDEX "index_responses_on_respondent_id" ON "responses" ("respondent_id")[0m
  [1m[35m (0.3ms)[0m  [1m[35mDROP TABLE IF EXISTS "users" CASCADE[0m
  [1m[35m (9.8ms)[0m  [1m[35mCREATE TABLE "users" ("id" bigserial primary key, "username" character varying NOT NULL, "created_at" timestamp(6) NOT NULL, "updated_at" timestamp(6) NOT NULL)[0m
  [1m[35m (3.0ms)[0m  [1m[35mCREATE UNIQUE INDEX "index_users_on_username" ON "users" ("username")[0m
  [1m[35m (4.9ms)[0m  [1m[35mCREATE TABLE "schema_migrations" ("version" character varying NOT NULL PRIMARY KEY)[0m
  [1m[35m (1.5ms)[0m  [1m[34mSELECT "schema_migrations"."version" FROM "schema_migrations" ORDER BY "schema_migrations"."version" ASC[0m
  [1m[35m (1.0ms)[0m  [1m[32mINSERT INTO "schema_migrations" (version) VALUES (20211215033229)[0m
  [1m[35m (1.1ms)[0m  [1m[32mINSERT INTO "schema_migrations" (version) VALUES
(20211215033035),
(20211215033130),
(20211215033142),
(20211215033210);

[0m
  [1m[35m (5.1ms)[0m  [1m[35mCREATE TABLE "ar_internal_metadata" ("key" character varying NOT NULL PRIMARY KEY, "value" character varying, "created_at" timestamp(6) NOT NULL, "updated_at" timestamp(6) NOT NULL)[0m
  [1m[36mActiveRecord::InternalMetadata Load (0.6ms)[0m  [1m[34mSELECT "ar_internal_metadata".* FROM "ar_internal_metadata" WHERE "ar_internal_metadata"."key" = $1 LIMIT $2[0m  [["key", "environment"], ["LIMIT", 1]]
  [1m[36mTRANSACTION (0.2ms)[0m  [1m[35mBEGIN[0m
  [1m[36mActiveRecord::InternalMetadata Create (0.8ms)[0m  [1m[32mINSERT INTO "ar_internal_metadata" ("key", "value", "created_at", "updated_at") VALUES ($1, $2, $3, $4) RETURNING "key"[0m  [["key", "environment"], ["value", "development"], ["created_at", "2021-12-16 05:11:29.650273"], ["updated_at", "2021-12-16 05:11:29.650273"]]
  [1m[36mTRANSACTION (0.7ms)[0m  [1m[35mCOMMIT[0m
  [1m[36mActiveRecord::InternalMetadata Load (0.4ms)[0m  [1m[34mSELECT "ar_internal_metadata".* FROM "ar_internal_metadata" WHERE "ar_internal_metadata"."key" = $1 LIMIT $2[0m  [["key", "environment"], ["LIMIT", 1]]
  [1m[36mActiveRecord::InternalMetadata Load (0.4ms)[0m  [1m[34mSELECT "ar_internal_metadata".* FROM "ar_internal_metadata" WHERE "ar_internal_metadata"."key" = $1 LIMIT $2[0m  [["key", "schema_sha1"], ["LIMIT", 1]]
  [1m[36mTRANSACTION (0.2ms)[0m  [1m[35mBEGIN[0m
  [1m[36mActiveRecord::InternalMetadata Create (0.5ms)[0m  [1m[32mINSERT INTO "ar_internal_metadata" ("key", "value", "created_at", "updated_at") VALUES ($1, $2, $3, $4) RETURNING "key"[0m  [["key", "schema_sha1"], ["value", "0a80676a2bea9dbc562a650b8a8617960841305a"], ["created_at", "2021-12-16 05:11:29.666938"], ["updated_at", "2021-12-16 05:11:29.666938"]]
  [1m[36mTRANSACTION (2.6ms)[0m  [1m[35mCOMMIT[0m
  [1m[35mSQL (0.7ms)[0m  [1m[35mCREATE EXTENSION IF NOT EXISTS "plpgsql"[0m
  [1m[35m (0.3ms)[0m  [1m[35mDROP TABLE IF EXISTS "answer_choices" CASCADE[0m
  [1m[35m (13.8ms)[0m  [1m[35mCREATE TABLE "answer_choices" ("id" bigserial primary key, "text" character varying NOT NULL, "question_id" integer NOT NULL, "created_at" timestamp(6) NOT NULL, "updated_at" timestamp(6) NOT NULL)[0m
  [1m[35m (2.0ms)[0m  [1m[35mCREATE INDEX "index_answer_choices_on_question_id" ON "answer_choices" ("question_id")[0m
  [1m[35m (0.3ms)[0m  [1m[35mDROP TABLE IF EXISTS "polls" CASCADE[0m
  [1m[35m (6.7ms)[0m  [1m[35mCREATE TABLE "polls" ("id" bigserial primary key, "title" character varying NOT NULL, "author_id" integer NOT NULL, "created_at" timestamp(6) NOT NULL, "updated_at" timestamp(6) NOT NULL)[0m
  [1m[35m (2.0ms)[0m  [1m[35mCREATE INDEX "index_polls_on_author_id" ON "polls" ("author_id")[0m
  [1m[35m (0.3ms)[0m  [1m[35mDROP TABLE IF EXISTS "questions" CASCADE[0m
  [1m[35m (6.4ms)[0m  [1m[35mCREATE TABLE "questions" ("id" bigserial primary key, "text" character varying NOT NULL, "poll_id" integer NOT NULL, "created_at" timestamp(6) NOT NULL, "updated_at" timestamp(6) NOT NULL)[0m
  [1m[35m (2.0ms)[0m  [1m[35mCREATE INDEX "index_questions_on_poll_id" ON "questions" ("poll_id")[0m
  [1m[35m (0.3ms)[0m  [1m[35mDROP TABLE IF EXISTS "responses" CASCADE[0m
  [1m[35m (5.0ms)[0m  [1m[35mCREATE TABLE "responses" ("id" bigserial primary key, "answer_choice_id" integer NOT NULL, "respondent_id" integer NOT NULL, "created_at" timestamp(6) NOT NULL, "updated_at" timestamp(6) NOT NULL)[0m
  [1m[35m (2.0ms)[0m  [1m[35mCREATE INDEX "index_responses_on_answer_choice_id" ON "responses" ("answer_choice_id")[0m
  [1m[35m (1.9ms)[0m  [1m[35mCREATE INDEX "index_responses_on_respondent_id" ON "responses" ("respondent_id")[0m
  [1m[35m (0.3ms)[0m  [1m[35mDROP TABLE IF EXISTS "users" CASCADE[0m
  [1m[35m (8.0ms)[0m  [1m[35mCREATE TABLE "users" ("id" bigserial primary key, "username" character varying NOT NULL, "created_at" timestamp(6) NOT NULL, "updated_at" timestamp(6) NOT NULL)[0m
  [1m[35m (2.5ms)[0m  [1m[35mCREATE UNIQUE INDEX "index_users_on_username" ON "users" ("username")[0m
  [1m[35m (5.1ms)[0m  [1m[35mCREATE TABLE "schema_migrations" ("version" character varying NOT NULL PRIMARY KEY)[0m
  [1m[35m (1.0ms)[0m  [1m[34mSELECT "schema_migrations"."version" FROM "schema_migrations" ORDER BY "schema_migrations"."version" ASC[0m
  [1m[35m (0.9ms)[0m  [1m[32mINSERT INTO "schema_migrations" (version) VALUES (20211215033229)[0m
  [1m[35m (1.1ms)[0m  [1m[32mINSERT INTO "schema_migrations" (version) VALUES
(20211215033035),
(20211215033130),
(20211215033142),
(20211215033210);

[0m
  [1m[35m (5.1ms)[0m  [1m[35mCREATE TABLE "ar_internal_metadata" ("key" character varying NOT NULL PRIMARY KEY, "value" character varying, "created_at" timestamp(6) NOT NULL, "updated_at" timestamp(6) NOT NULL)[0m
  [1m[36mActiveRecord::InternalMetadata Load (0.6ms)[0m  [1m[34mSELECT "ar_internal_metadata".* FROM "ar_internal_metadata" WHERE "ar_internal_metadata"."key" = $1 LIMIT $2[0m  [["key", "environment"], ["LIMIT", 1]]
  [1m[36mTRANSACTION (0.2ms)[0m  [1m[35mBEGIN[0m
  [1m[36mActiveRecord::InternalMetadata Create (0.9ms)[0m  [1m[32mINSERT INTO "ar_internal_metadata" ("key", "value", "created_at", "updated_at") VALUES ($1, $2, $3, $4) RETURNING "key"[0m  [["key", "environment"], ["value", "development"], ["created_at", "2021-12-16 05:11:29.825422"], ["updated_at", "2021-12-16 05:11:29.825422"]]
  [1m[36mTRANSACTION (4.4ms)[0m  [1m[35mCOMMIT[0m
  [1m[36mActiveRecord::InternalMetadata Load (0.4ms)[0m  [1m[34mSELECT "ar_internal_metadata".* FROM "ar_internal_metadata" WHERE "ar_internal_metadata"."key" = $1 LIMIT $2[0m  [["key", "environment"], ["LIMIT", 1]]
  [1m[36mTRANSACTION (0.2ms)[0m  [1m[35mBEGIN[0m
  [1m[36mActiveRecord::InternalMetadata Update (0.6ms)[0m  [1m[33mUPDATE "ar_internal_metadata" SET "value" = $1, "updated_at" = $2 WHERE "ar_internal_metadata"."key" = $3[0m  [["value", "test"], ["updated_at", "2021-12-16 05:11:29.846562"], ["key", "environment"]]
  [1m[36mTRANSACTION (0.5ms)[0m  [1m[35mCOMMIT[0m
  [1m[36mActiveRecord::InternalMetadata Load (0.4ms)[0m  [1m[34mSELECT "ar_internal_metadata".* FROM "ar_internal_metadata" WHERE "ar_internal_metadata"."key" = $1 LIMIT $2[0m  [["key", "schema_sha1"], ["LIMIT", 1]]
  [1m[36mTRANSACTION (0.2ms)[0m  [1m[35mBEGIN[0m
  [1m[36mActiveRecord::InternalMetadata Create (0.5ms)[0m  [1m[32mINSERT INTO "ar_internal_metadata" ("key", "value", "created_at", "updated_at") VALUES ($1, $2, $3, $4) RETURNING "key"[0m  [["key", "schema_sha1"], ["value", "0a80676a2bea9dbc562a650b8a8617960841305a"], ["created_at", "2021-12-16 05:11:29.858976"], ["updated_at", "2021-12-16 05:11:29.858976"]]
  [1m[36mTRANSACTION (3.4ms)[0m  [1m[35mCOMMIT[0m
  [1m[35m (1.5ms)[0m  [1m[34mSELECT "schema_migrations"."version" FROM "schema_migrations" ORDER BY "schema_migrations"."version" ASC[0m
  [1m[36mTRANSACTION (0.3ms)[0m  [1m[35mBEGIN[0m
  [1m[36mUser Load (1.3ms)[0m  [1m[34mSELECT "users".* FROM "users"[0m
  [1m[36mPoll Load (1.0ms)[0m  [1m[34mSELECT "polls".* FROM "polls"[0m
  [1m[36mUser Create (1.2ms)[0m  [1m[32mINSERT INTO "users" ("username", "created_at", "updated_at") VALUES ($1, $2, $3) RETURNING "id"[0m  [["username", "daytrip1"], ["created_at", "2021-12-16 05:11:30.000636"], ["updated_at", "2021-12-16 05:11:30.000636"]]
  [1m[36mUser Create (0.5ms)[0m  [1m[32mINSERT INTO "users" ("username", "created_at", "updated_at") VALUES ($1, $2, $3) RETURNING "id"[0m  [["username", "kidCwebby"], ["created_at", "2021-12-16 05:11:30.006356"], ["updated_at", "2021-12-16 05:11:30.006356"]]
  [1m[36mTRANSACTION (0.6ms)[0m  [1m[35mCOMMIT[0m
  [1m[36mUser Load (1.2ms)[0m  [1m[34mSELECT "users".* FROM "users"[0m
  [1m[35m (0.9ms)[0m  [1m[34mSELECT "schema_migrations"."version" FROM "schema_migrations" ORDER BY "schema_migrations"."version" ASC[0m
  [1m[35m (0.4ms)[0m  [1m[34mSELECT "ar_internal_metadata"."value" FROM "ar_internal_metadata" WHERE "ar_internal_metadata"."key" = $1[0m  [["key", "environment"]]
  [1m[35m (0.3ms)[0m  [1m[34mSELECT "schema_migrations"."version" FROM "schema_migrations" ORDER BY "schema_migrations"."version" ASC[0m
  [1m[35m (0.3ms)[0m  [1m[34mSELECT "ar_internal_metadata"."value" FROM "ar_internal_metadata" WHERE "ar_internal_metadata"."key" = $1[0m  [["key", "environment"]]
  [1m[35m (0.3ms)[0m  [1m[34mSELECT "schema_migrations"."version" FROM "schema_migrations" ORDER BY "schema_migrations"."version" ASC[0m
  [1m[35m (0.3ms)[0m  [1m[34mSELECT "ar_internal_metadata"."value" FROM "ar_internal_metadata" WHERE "ar_internal_metadata"."key" = $1[0m  [["key", "environment"]]
  [1m[35m (8335.4ms)[0m  [1m[35mDROP DATABASE IF EXISTS "polls_app_development"[0m
  [1m[35m (2.3ms)[0m  [1m[34mSELECT "schema_migrations"."version" FROM "schema_migrations" ORDER BY "schema_migrations"."version" ASC[0m
  [1m[35m (3.5ms)[0m  [1m[34mSELECT "ar_internal_metadata"."value" FROM "ar_internal_metadata" WHERE "ar_internal_metadata"."key" = $1[0m  [["key", "environment"]]
  [1m[35m (0.3ms)[0m  [1m[34mSELECT "schema_migrations"."version" FROM "schema_migrations" ORDER BY "schema_migrations"."version" ASC[0m
  [1m[35m (0.3ms)[0m  [1m[34mSELECT "ar_internal_metadata"."value" FROM "ar_internal_metadata" WHERE "ar_internal_metadata"."key" = $1[0m  [["key", "environment"]]
  [1m[35m (0.3ms)[0m  [1m[34mSELECT "schema_migrations"."version" FROM "schema_migrations" ORDER BY "schema_migrations"."version" ASC[0m
  [1m[35m (0.2ms)[0m  [1m[34mSELECT "ar_internal_metadata"."value" FROM "ar_internal_metadata" WHERE "ar_internal_metadata"."key" = $1[0m  [["key", "environment"]]
  [1m[35m (58.9ms)[0m  [1m[35mDROP DATABASE IF EXISTS "polls_app_development"[0m
  [1m[35m (58.5ms)[0m  [1m[35mDROP DATABASE IF EXISTS "polls_app_test"[0m
  [1m[35m (362.3ms)[0m  [1m[35mCREATE DATABASE "polls_app_development" ENCODING = 'unicode'[0m
  [1m[35m (156.0ms)[0m  [1m[35mCREATE DATABASE "polls_app_test" ENCODING = 'unicode'[0m
  [1m[35mSQL (0.6ms)[0m  [1m[35mCREATE EXTENSION IF NOT EXISTS "plpgsql"[0m
  [1m[35m (0.3ms)[0m  [1m[35mDROP TABLE IF EXISTS "answer_choices" CASCADE[0m
  [1m[35m (16.0ms)[0m  [1m[35mCREATE TABLE "answer_choices" ("id" bigserial primary key, "text" character varying NOT NULL, "question_id" integer NOT NULL, "created_at" timestamp(6) NOT NULL, "updated_at" timestamp(6) NOT NULL)[0m
  [1m[35m (1.9ms)[0m  [1m[35mCREATE INDEX "index_answer_choices_on_question_id" ON "answer_choices" ("question_id")[0m
  [1m[35m (0.2ms)[0m  [1m[35mDROP TABLE IF EXISTS "polls" CASCADE[0m
  [1m[35m (7.3ms)[0m  [1m[35mCREATE TABLE "polls" ("id" bigserial primary key, "title" character varying NOT NULL, "author_id" integer NOT NULL, "created_at" timestamp(6) NOT NULL, "updated_at" timestamp(6) NOT NULL)[0m
  [1m[35m (2.5ms)[0m  [1m[35mCREATE INDEX "index_polls_on_author_id" ON "polls" ("author_id")[0m
  [1m[35m (0.3ms)[0m  [1m[35mDROP TABLE IF EXISTS "questions" CASCADE[0m
  [1m[35m (6.9ms)[0m  [1m[35mCREATE TABLE "questions" ("id" bigserial primary key, "text" character varying NOT NULL, "poll_id" integer NOT NULL, "created_at" timestamp(6) NOT NULL, "updated_at" timestamp(6) NOT NULL)[0m
  [1m[35m (2.0ms)[0m  [1m[35mCREATE INDEX "index_questions_on_poll_id" ON "questions" ("poll_id")[0m
  [1m[35m (0.3ms)[0m  [1m[35mDROP TABLE IF EXISTS "responses" CASCADE[0m
  [1m[35m (5.0ms)[0m  [1m[35mCREATE TABLE "responses" ("id" bigserial primary key, "answer_choice_id" integer NOT NULL, "respondent_id" integer NOT NULL, "created_at" timestamp(6) NOT NULL, "updated_at" timestamp(6) NOT NULL)[0m
  [1m[35m (1.9ms)[0m  [1m[35mCREATE INDEX "index_responses_on_answer_choice_id" ON "responses" ("answer_choice_id")[0m
  [1m[35m (3.6ms)[0m  [1m[35mCREATE INDEX "index_responses_on_respondent_id" ON "responses" ("respondent_id")[0m
  [1m[35m (0.3ms)[0m  [1m[35mDROP TABLE IF EXISTS "users" CASCADE[0m
  [1m[35m (29.0ms)[0m  [1m[35mCREATE TABLE "users" ("id" bigserial primary key, "username" character varying NOT NULL, "created_at" timestamp(6) NOT NULL, "updated_at" timestamp(6) NOT NULL)[0m
  [1m[35m (8.6ms)[0m  [1m[35mCREATE UNIQUE INDEX "index_users_on_username" ON "users" ("username")[0m
  [1m[35m (12.6ms)[0m  [1m[35mCREATE TABLE "schema_migrations" ("version" character varying NOT NULL PRIMARY KEY)[0m
  [1m[35m (1.0ms)[0m  [1m[34mSELECT "schema_migrations"."version" FROM "schema_migrations" ORDER BY "schema_migrations"."version" ASC[0m
  [1m[35m (0.9ms)[0m  [1m[32mINSERT INTO "schema_migrations" (version) VALUES (20211215033229)[0m
  [1m[35m (0.7ms)[0m  [1m[32mINSERT INTO "schema_migrations" (version) VALUES
(20211215033035),
(20211215033130),
(20211215033142),
(20211215033210);

[0m
  [1m[35m (5.1ms)[0m  [1m[35mCREATE TABLE "ar_internal_metadata" ("key" character varying NOT NULL PRIMARY KEY, "value" character varying, "created_at" timestamp(6) NOT NULL, "updated_at" timestamp(6) NOT NULL)[0m
  [1m[36mActiveRecord::InternalMetadata Load (0.6ms)[0m  [1m[34mSELECT "ar_internal_metadata".* FROM "ar_internal_metadata" WHERE "ar_internal_metadata"."key" = $1 LIMIT $2[0m  [["key", "environment"], ["LIMIT", 1]]
  [1m[36mTRANSACTION (0.4ms)[0m  [1m[35mBEGIN[0m
  [1m[36mActiveRecord::InternalMetadata Create (0.8ms)[0m  [1m[32mINSERT INTO "ar_internal_metadata" ("key", "value", "created_at", "updated_at") VALUES ($1, $2, $3, $4) RETURNING "key"[0m  [["key", "environment"], ["value", "development"], ["created_at", "2021-12-16 05:19:48.793745"], ["updated_at", "2021-12-16 05:19:48.793745"]]
  [1m[36mTRANSACTION (0.5ms)[0m  [1m[35mCOMMIT[0m
  [1m[36mActiveRecord::InternalMetadata Load (0.3ms)[0m  [1m[34mSELECT "ar_internal_metadata".* FROM "ar_internal_metadata" WHERE "ar_internal_metadata"."key" = $1 LIMIT $2[0m  [["key", "environment"], ["LIMIT", 1]]
  [1m[36mActiveRecord::InternalMetadata Load (0.4ms)[0m  [1m[34mSELECT "ar_internal_metadata".* FROM "ar_internal_metadata" WHERE "ar_internal_metadata"."key" = $1 LIMIT $2[0m  [["key", "schema_sha1"], ["LIMIT", 1]]
  [1m[36mTRANSACTION (0.2ms)[0m  [1m[35mBEGIN[0m
  [1m[36mActiveRecord::InternalMetadata Create (0.4ms)[0m  [1m[32mINSERT INTO "ar_internal_metadata" ("key", "value", "created_at", "updated_at") VALUES ($1, $2, $3, $4) RETURNING "key"[0m  [["key", "schema_sha1"], ["value", "0a80676a2bea9dbc562a650b8a8617960841305a"], ["created_at", "2021-12-16 05:19:48.810125"], ["updated_at", "2021-12-16 05:19:48.810125"]]
  [1m[36mTRANSACTION (0.4ms)[0m  [1m[35mCOMMIT[0m
  [1m[35mSQL (0.6ms)[0m  [1m[35mCREATE EXTENSION IF NOT EXISTS "plpgsql"[0m
  [1m[35m (0.3ms)[0m  [1m[35mDROP TABLE IF EXISTS "answer_choices" CASCADE[0m
  [1m[35m (12.9ms)[0m  [1m[35mCREATE TABLE "answer_choices" ("id" bigserial primary key, "text" character varying NOT NULL, "question_id" integer NOT NULL, "created_at" timestamp(6) NOT NULL, "updated_at" timestamp(6) NOT NULL)[0m
  [1m[35m (1.9ms)[0m  [1m[35mCREATE INDEX "index_answer_choices_on_question_id" ON "answer_choices" ("question_id")[0m
  [1m[35m (0.2ms)[0m  [1m[35mDROP TABLE IF EXISTS "polls" CASCADE[0m
  [1m[35m (7.3ms)[0m  [1m[35mCREATE TABLE "polls" ("id" bigserial primary key, "title" character varying NOT NULL, "author_id" integer NOT NULL, "created_at" timestamp(6) NOT NULL, "updated_at" timestamp(6) NOT NULL)[0m
  [1m[35m (1.9ms)[0m  [1m[35mCREATE INDEX "index_polls_on_author_id" ON "polls" ("author_id")[0m
  [1m[35m (0.3ms)[0m  [1m[35mDROP TABLE IF EXISTS "questions" CASCADE[0m
  [1m[35m (7.9ms)[0m  [1m[35mCREATE TABLE "questions" ("id" bigserial primary key, "text" character varying NOT NULL, "poll_id" integer NOT NULL, "created_at" timestamp(6) NOT NULL, "updated_at" timestamp(6) NOT NULL)[0m
  [1m[35m (2.1ms)[0m  [1m[35mCREATE INDEX "index_questions_on_poll_id" ON "questions" ("poll_id")[0m
  [1m[35m (0.2ms)[0m  [1m[35mDROP TABLE IF EXISTS "responses" CASCADE[0m
  [1m[35m (4.8ms)[0m  [1m[35mCREATE TABLE "responses" ("id" bigserial primary key, "answer_choice_id" integer NOT NULL, "respondent_id" integer NOT NULL, "created_at" timestamp(6) NOT NULL, "updated_at" timestamp(6) NOT NULL)[0m
  [1m[35m (2.0ms)[0m  [1m[35mCREATE INDEX "index_responses_on_answer_choice_id" ON "responses" ("answer_choice_id")[0m
  [1m[35m (1.7ms)[0m  [1m[35mCREATE INDEX "index_responses_on_respondent_id" ON "responses" ("respondent_id")[0m
  [1m[35m (0.2ms)[0m  [1m[35mDROP TABLE IF EXISTS "users" CASCADE[0m
  [1m[35m (7.6ms)[0m  [1m[35mCREATE TABLE "users" ("id" bigserial primary key, "username" character varying NOT NULL, "created_at" timestamp(6) NOT NULL, "updated_at" timestamp(6) NOT NULL)[0m
  [1m[35m (83.1ms)[0m  [1m[35mCREATE UNIQUE INDEX "index_users_on_username" ON "users" ("username")[0m
  [1m[35m (5.0ms)[0m  [1m[35mCREATE TABLE "schema_migrations" ("version" character varying NOT NULL PRIMARY KEY)[0m
  [1m[35m (1.0ms)[0m  [1m[34mSELECT "schema_migrations"."version" FROM "schema_migrations" ORDER BY "schema_migrations"."version" ASC[0m
  [1m[35m (0.8ms)[0m  [1m[32mINSERT INTO "schema_migrations" (version) VALUES (20211215033229)[0m
  [1m[35m (0.7ms)[0m  [1m[32mINSERT INTO "schema_migrations" (version) VALUES
(20211215033035),
(20211215033130),
(20211215033142),
(20211215033210);

[0m
  [1m[35m (7.3ms)[0m  [1m[35mCREATE TABLE "ar_internal_metadata" ("key" character varying NOT NULL PRIMARY KEY, "value" character varying, "created_at" timestamp(6) NOT NULL, "updated_at" timestamp(6) NOT NULL)[0m
  [1m[36mActiveRecord::InternalMetadata Load (0.6ms)[0m  [1m[34mSELECT "ar_internal_metadata".* FROM "ar_internal_metadata" WHERE "ar_internal_metadata"."key" = $1 LIMIT $2[0m  [["key", "environment"], ["LIMIT", 1]]
  [1m[36mTRANSACTION (0.2ms)[0m  [1m[35mBEGIN[0m
  [1m[36mActiveRecord::InternalMetadata Create (0.7ms)[0m  [1m[32mINSERT INTO "ar_internal_metadata" ("key", "value", "created_at", "updated_at") VALUES ($1, $2, $3, $4) RETURNING "key"[0m  [["key", "environment"], ["value", "development"], ["created_at", "2021-12-16 05:19:49.071256"], ["updated_at", "2021-12-16 05:19:49.071256"]]
  [1m[36mTRANSACTION (2.2ms)[0m  [1m[35mCOMMIT[0m
  [1m[36mActiveRecord::InternalMetadata Load (0.3ms)[0m  [1m[34mSELECT "ar_internal_metadata".* FROM "ar_internal_metadata" WHERE "ar_internal_metadata"."key" = $1 LIMIT $2[0m  [["key", "environment"], ["LIMIT", 1]]
  [1m[36mTRANSACTION (0.2ms)[0m  [1m[35mBEGIN[0m
  [1m[36mActiveRecord::InternalMetadata Update (19.6ms)[0m  [1m[33mUPDATE "ar_internal_metadata" SET "value" = $1, "updated_at" = $2 WHERE "ar_internal_metadata"."key" = $3[0m  [["value", "test"], ["updated_at", "2021-12-16 05:19:49.084815"], ["key", "environment"]]
  [1m[36mTRANSACTION (21.1ms)[0m  [1m[35mCOMMIT[0m
  [1m[36mActiveRecord::InternalMetadata Load (0.4ms)[0m  [1m[34mSELECT "ar_internal_metadata".* FROM "ar_internal_metadata" WHERE "ar_internal_metadata"."key" = $1 LIMIT $2[0m  [["key", "schema_sha1"], ["LIMIT", 1]]
  [1m[36mTRANSACTION (0.2ms)[0m  [1m[35mBEGIN[0m
  [1m[36mActiveRecord::InternalMetadata Create (0.4ms)[0m  [1m[32mINSERT INTO "ar_internal_metadata" ("key", "value", "created_at", "updated_at") VALUES ($1, $2, $3, $4) RETURNING "key"[0m  [["key", "schema_sha1"], ["value", "0a80676a2bea9dbc562a650b8a8617960841305a"], ["created_at", "2021-12-16 05:19:49.135488"], ["updated_at", "2021-12-16 05:19:49.135488"]]
  [1m[36mTRANSACTION (0.4ms)[0m  [1m[35mCOMMIT[0m
  [1m[35m (1.4ms)[0m  [1m[34mSELECT "schema_migrations"."version" FROM "schema_migrations" ORDER BY "schema_migrations"."version" ASC[0m
  [1m[36mTRANSACTION (0.2ms)[0m  [1m[35mBEGIN[0m
  [1m[36mUser Load (1.2ms)[0m  [1m[34mSELECT "users".* FROM "users"[0m
  [1m[36mPoll Load (1.1ms)[0m  [1m[34mSELECT "polls".* FROM "polls"[0m
  [1m[36mQuestion Load (1.0ms)[0m  [1m[34mSELECT "questions".* FROM "questions"[0m
  [1m[36mAnswerChoice Load (1.0ms)[0m  [1m[34mSELECT "answer_choices".* FROM "answer_choices"[0m
  [1m[36mResponse Load (1.1ms)[0m  [1m[34mSELECT "responses".* FROM "responses"[0m
  [1m[36mUser Create (1.2ms)[0m  [1m[32mINSERT INTO "users" ("username", "created_at", "updated_at") VALUES ($1, $2, $3) RETURNING "id"[0m  [["username", "daytrip1"], ["created_at", "2021-12-16 05:19:49.334469"], ["updated_at", "2021-12-16 05:19:49.334469"]]
  [1m[36mUser Create (4.1ms)[0m  [1m[32mINSERT INTO "users" ("username", "created_at", "updated_at") VALUES ($1, $2, $3) RETURNING "id"[0m  [["username", "kidCwebby"], ["created_at", "2021-12-16 05:19:49.339842"], ["updated_at", "2021-12-16 05:19:49.339842"]]
  [1m[36mUser Load (0.3ms)[0m  [1m[34mSELECT "users".* FROM "users" WHERE "users"."id" = $1 LIMIT $2[0m  [["id", 1], ["LIMIT", 1]]
  [1m[36mPoll Create (0.9ms)[0m  [1m[32mINSERT INTO "polls" ("title", "author_id", "created_at", "updated_at") VALUES ($1, $2, $3, $4) RETURNING "id"[0m  [["title", "Popular Agenda Poll"], ["author_id", 1], ["created_at", "2021-12-16 05:19:49.382044"], ["updated_at", "2021-12-16 05:19:49.382044"]]
  [1m[36mPoll Load (0.3ms)[0m  [1m[34mSELECT "polls".* FROM "polls" WHERE "polls"."id" = $1 LIMIT $2[0m  [["id", 1], ["LIMIT", 1]]
  [1m[36mQuestion Create (0.9ms)[0m  [1m[32mINSERT INTO "questions" ("text", "poll_id", "created_at", "updated_at") VALUES ($1, $2, $3, $4) RETURNING "id"[0m  [["text", "BBB or DACA"], ["poll_id", 1], ["created_at", "2021-12-16 05:19:49.404970"], ["updated_at", "2021-12-16 05:19:49.404970"]]
  [1m[36mQuestion Load (0.3ms)[0m  [1m[34mSELECT "questions".* FROM "questions" WHERE "questions"."id" = $1 LIMIT $2[0m  [["id", 1], ["LIMIT", 1]]
  [1m[36mAnswerChoice Create (0.9ms)[0m  [1m[32mINSERT INTO "answer_choices" ("text", "question_id", "created_at", "updated_at") VALUES ($1, $2, $3, $4) RETURNING "id"[0m  [["text", "DACA"], ["question_id", 1], ["created_at", "2021-12-16 05:19:49.426937"], ["updated_at", "2021-12-16 05:19:49.426937"]]
  [1m[36mQuestion Load (0.4ms)[0m  [1m[34mSELECT "questions".* FROM "questions" WHERE "questions"."id" = $1 LIMIT $2[0m  [["id", 1], ["LIMIT", 1]]
  [1m[36mAnswerChoice Create (0.5ms)[0m  [1m[32mINSERT INTO "answer_choices" ("text", "question_id", "created_at", "updated_at") VALUES ($1, $2, $3, $4) RETURNING "id"[0m  [["text", "DACA"], ["question_id", 1], ["created_at", "2021-12-16 05:19:49.434810"], ["updated_at", "2021-12-16 05:19:49.434810"]]
  [1m[36mQuestion Load (0.4ms)[0m  [1m[34mSELECT "questions".* FROM "questions" WHERE "questions"."id" = $1 LIMIT $2[0m  [["id", 1], ["LIMIT", 1]]
  [1m[36mAnswerChoice Create (0.5ms)[0m  [1m[32mINSERT INTO "answer_choices" ("text", "question_id", "created_at", "updated_at") VALUES ($1, $2, $3, $4) RETURNING "id"[0m  [["text", "BBB"], ["question_id", 1], ["created_at", "2021-12-16 05:19:49.442193"], ["updated_at", "2021-12-16 05:19:49.442193"]]
  [1m[36mUser Load (0.4ms)[0m  [1m[34mSELECT "users".* FROM "users" WHERE "users"."id" = $1 LIMIT $2[0m  [["id", 2], ["LIMIT", 1]]
  [1m[36mPoll Create (0.4ms)[0m  [1m[32mINSERT INTO "polls" ("title", "author_id", "created_at", "updated_at") VALUES ($1, $2, $3, $4) RETURNING "id"[0m  [["title", "Sports Poll"], ["author_id", 2], ["created_at", "2021-12-16 05:19:49.449703"], ["updated_at", "2021-12-16 05:19:49.449703"]]
  [1m[36mPoll Load (0.4ms)[0m  [1m[34mSELECT "polls".* FROM "polls" WHERE "polls"."id" = $1 LIMIT $2[0m  [["id", 2], ["LIMIT", 1]]
  [1m[36mQuestion Create (0.5ms)[0m  [1m[32mINSERT INTO "questions" ("text", "poll_id", "created_at", "updated_at") VALUES ($1, $2, $3, $4) RETURNING "id"[0m  [["text", "Hockey or Football"], ["poll_id", 2], ["created_at", "2021-12-16 05:19:49.457327"], ["updated_at", "2021-12-16 05:19:49.457327"]]
  [1m[36mQuestion Load (0.4ms)[0m  [1m[34mSELECT "questions".* FROM "questions" WHERE "questions"."id" = $1 LIMIT $2[0m  [["id", 2], ["LIMIT", 1]]
  [1m[36mAnswerChoice Create (0.5ms)[0m  [1m[32mINSERT INTO "answer_choices" ("text", "question_id", "created_at", "updated_at") VALUES ($1, $2, $3, $4) RETURNING "id"[0m  [["text", "Hockey"], ["question_id", 2], ["created_at", "2021-12-16 05:19:49.465185"], ["updated_at", "2021-12-16 05:19:49.465185"]]
  [1m[36mQuestion Load (0.3ms)[0m  [1m[34mSELECT "questions".* FROM "questions" WHERE "questions"."id" = $1 LIMIT $2[0m  [["id", 2], ["LIMIT", 1]]
  [1m[36mAnswerChoice Create (0.4ms)[0m  [1m[32mINSERT INTO "answer_choices" ("text", "question_id", "created_at", "updated_at") VALUES ($1, $2, $3, $4) RETURNING "id"[0m  [["text", "Football"], ["question_id", 2], ["created_at", "2021-12-16 05:19:49.472900"], ["updated_at", "2021-12-16 05:19:49.472900"]]
  [1m[36mQuestion Load (0.4ms)[0m  [1m[34mSELECT "questions".* FROM "questions" WHERE "questions"."id" = $1 LIMIT $2[0m  [["id", 2], ["LIMIT", 1]]
  [1m[36mAnswerChoice Create (0.5ms)[0m  [1m[32mINSERT INTO "answer_choices" ("text", "question_id", "created_at", "updated_at") VALUES ($1, $2, $3, $4) RETURNING "id"[0m  [["text", "Hockey"], ["question_id", 2], ["created_at", "2021-12-16 05:19:49.499150"], ["updated_at", "2021-12-16 05:19:49.499150"]]
  [1m[36mAnswerChoice Load (0.3ms)[0m  [1m[34mSELECT "answer_choices".* FROM "answer_choices" WHERE "answer_choices"."id" = $1 LIMIT $2[0m  [["id", 1], ["LIMIT", 1]]
  [1m[36mUser Load (0.4ms)[0m  [1m[34mSELECT "users".* FROM "users" WHERE "users"."id" = $1 LIMIT $2[0m  [["id", 1], ["LIMIT", 1]]
  [1m[36mResponse Create (1.3ms)[0m  [1m[32mINSERT INTO "responses" ("answer_choice_id", "respondent_id", "created_at", "updated_at") VALUES ($1, $2, $3, $4) RETURNING "id"[0m  [["answer_choice_id", 1], ["respondent_id", 1], ["created_at", "2021-12-16 05:19:49.525863"], ["updated_at", "2021-12-16 05:19:49.525863"]]
  [1m[36mAnswerChoice Load (0.5ms)[0m  [1m[34mSELECT "answer_choices".* FROM "answer_choices" WHERE "answer_choices"."id" = $1 LIMIT $2[0m  [["id", 4], ["LIMIT", 1]]
  [1m[36mUser Load (0.6ms)[0m  [1m[34mSELECT "users".* FROM "users" WHERE "users"."id" = $1 LIMIT $2[0m  [["id", 2], ["LIMIT", 1]]
  [1m[36mResponse Create (0.5ms)[0m  [1m[32mINSERT INTO "responses" ("answer_choice_id", "respondent_id", "created_at", "updated_at") VALUES ($1, $2, $3, $4) RETURNING "id"[0m  [["answer_choice_id", 4], ["respondent_id", 2], ["created_at", "2021-12-16 05:19:49.537699"], ["updated_at", "2021-12-16 05:19:49.537699"]]
  [1m[36mTRANSACTION (0.6ms)[0m  [1m[35mCOMMIT[0m
  [1m[36mResponse Load (1.1ms)[0m  [1m[34mSELECT "responses".* FROM "responses"[0m
